Training: 2025-03-28 20:19:33,033-rank_id: 0
Training: 2025-03-28 20:19:33,033-: batch_size               128
Training: 2025-03-28 20:19:33,033-: bottle_neck              32
Training: 2025-03-28 20:19:33,034-: dali                     False
Training: 2025-03-28 20:19:33,034-: dali_aug                 False
Training: 2025-03-28 20:19:33,034-: device                   cuda
Training: 2025-03-28 20:19:33,034-: embedding_size           512
Training: 2025-03-28 20:19:33,034-: fp16                     True
Training: 2025-03-28 20:19:33,034-: frequent                 10
Training: 2025-03-28 20:19:33,034-: gradient_acc             1
Training: 2025-03-28 20:19:33,034-: image_size               (112, 112)
Training: 2025-03-28 20:19:33,034-: interclass_filtering_threshold0
Training: 2025-03-28 20:19:33,034-: lr                       0.02
Training: 2025-03-28 20:19:33,034-: margin_list              (1.0, 0.5, 0.0)
Training: 2025-03-28 20:19:33,034-: momentum                 0.9
Training: 2025-03-28 20:19:33,034-: network                  r50
Training: 2025-03-28 20:19:33,034-: num_classes              93431
Training: 2025-03-28 20:19:33,034-: num_epoch                5
Training: 2025-03-28 20:19:33,034-: num_image                5179510
Training: 2025-03-28 20:19:33,034-: num_workers              4
Training: 2025-03-28 20:19:33,034-: optimizer                sgd
Training: 2025-03-28 20:19:33,034-: output                   Output/ms1mv3
Training: 2025-03-28 20:19:33,034-: rec                      ../Data/MS1MV3/ms1mv3.pickle
Training: 2025-03-28 20:19:33,034-: resume                   False
Training: 2025-03-28 20:19:33,034-: sample_rate              0.5
Training: 2025-03-28 20:19:33,034-: save_all_states          False
Training: 2025-03-28 20:19:33,034-: seed                     3407
Training: 2025-03-28 20:19:33,034-: steps_per_epoch          40464
Training: 2025-03-28 20:19:33,034-: total_step               202320
Training: 2025-03-28 20:19:33,034-: val                      ../Data/test
Training: 2025-03-28 20:19:33,034-: val_targets              ['lfw', 'cplfw', 'calfw', 'cfp_ff', 'cfp_fp', 'agedb_30', 'vgg2_fp']
Training: 2025-03-28 20:19:33,034-: verbose                  16000
Training: 2025-03-28 20:19:33,034-: warmup_epoch             0
Training: 2025-03-28 20:19:33,034-: weight_decay             0.0005
Training: 2025-03-28 20:20:01,640-Speed 1193.91 samples/sec   Loss 15.9056   LearningRate 0.020000   Epoch: 0   Global Step: 20   Fp16 Grad Scale: 16384   Required: 75 hours
Training: 2025-03-28 20:20:02,688-Speed 1224.23 samples/sec   Loss 16.4284   LearningRate 0.020000   Epoch: 0   Global Step: 30   Fp16 Grad Scale: 16384   Required: 53 hours
Training: 2025-03-28 20:20:03,731-Speed 1227.58 samples/sec   Loss 16.6512   LearningRate 0.020000   Epoch: 0   Global Step: 40   Fp16 Grad Scale: 16384   Required: 41 hours
Training: 2025-03-28 20:20:04,775-Speed 1225.71 samples/sec   Loss 17.2785   LearningRate 0.020000   Epoch: 0   Global Step: 50   Fp16 Grad Scale: 16384   Required: 34 hours
Training: 2025-03-28 20:20:05,822-Speed 1223.82 samples/sec   Loss 17.1173   LearningRate 0.020000   Epoch: 0   Global Step: 60   Fp16 Grad Scale: 16384   Required: 29 hours
Training: 2025-03-28 20:20:06,862-Speed 1230.51 samples/sec   Loss 17.2374   LearningRate 0.020000   Epoch: 0   Global Step: 70   Fp16 Grad Scale: 16384   Required: 26 hours
Training: 2025-03-28 20:20:07,902-Speed 1231.44 samples/sec   Loss 17.3688   LearningRate 0.020000   Epoch: 0   Global Step: 80   Fp16 Grad Scale: 16384   Required: 24 hours
Training: 2025-03-28 20:20:08,943-Speed 1230.89 samples/sec   Loss 17.1031   LearningRate 0.020000   Epoch: 0   Global Step: 90   Fp16 Grad Scale: 16384   Required: 22 hours
Training: 2025-03-28 20:20:09,983-Speed 1231.14 samples/sec   Loss 17.4043   LearningRate 0.020000   Epoch: 0   Global Step: 100   Fp16 Grad Scale: 16384   Required: 20 hours
Training: 2025-03-28 20:20:11,030-Speed 1223.93 samples/sec   Loss 17.5250   LearningRate 0.020000   Epoch: 0   Global Step: 110   Fp16 Grad Scale: 32768   Required: 19 hours
Training: 2025-03-28 20:20:12,070-Speed 1231.24 samples/sec   Loss 17.5800   LearningRate 0.020000   Epoch: 0   Global Step: 120   Fp16 Grad Scale: 32768   Required: 18 hours
Training: 2025-03-28 20:20:13,146-Speed 1190.25 samples/sec   Loss 17.2881   LearningRate 0.020000   Epoch: 0   Global Step: 130   Fp16 Grad Scale: 32768   Required: 17 hours
Training: 2025-03-28 20:20:14,198-Speed 1218.00 samples/sec   Loss 17.3650   LearningRate 0.020000   Epoch: 0   Global Step: 140   Fp16 Grad Scale: 32768   Required: 16 hours
Training: 2025-03-28 20:20:15,240-Speed 1228.28 samples/sec   Loss 17.2226   LearningRate 0.020000   Epoch: 0   Global Step: 150   Fp16 Grad Scale: 32768   Required: 16 hours
Training: 2025-03-28 20:20:16,280-Speed 1231.64 samples/sec   Loss 16.9214   LearningRate 0.020000   Epoch: 0   Global Step: 160   Fp16 Grad Scale: 32768   Required: 15 hours
Training: 2025-03-28 20:20:17,320-Speed 1231.56 samples/sec   Loss 17.0272   LearningRate 0.020000   Epoch: 0   Global Step: 170   Fp16 Grad Scale: 32768   Required: 14 hours
Training: 2025-03-28 20:20:18,359-Speed 1231.85 samples/sec   Loss 17.2185   LearningRate 0.020000   Epoch: 0   Global Step: 180   Fp16 Grad Scale: 32768   Required: 14 hours
Training: 2025-03-28 20:20:19,400-Speed 1231.70 samples/sec   Loss 17.2862   LearningRate 0.020000   Epoch: 0   Global Step: 190   Fp16 Grad Scale: 32768   Required: 14 hours
Training: 2025-03-28 20:20:20,441-Speed 1231.80 samples/sec   Loss 17.1803   LearningRate 0.020000   Epoch: 0   Global Step: 200   Fp16 Grad Scale: 32768   Required: 13 hours
Training: 2025-03-28 20:20:21,489-Speed 1222.48 samples/sec   Loss 16.7399   LearningRate 0.020000   Epoch: 0   Global Step: 210   Fp16 Grad Scale: 65536   Required: 13 hours
Training: 2025-03-28 20:20:22,531-Speed 1228.14 samples/sec   Loss 16.6371   LearningRate 0.020000   Epoch: 0   Global Step: 220   Fp16 Grad Scale: 65536   Required: 12 hours
Training: 2025-03-28 20:20:23,581-Speed 1220.67 samples/sec   Loss 16.7305   LearningRate 0.020000   Epoch: 0   Global Step: 230   Fp16 Grad Scale: 65536   Required: 12 hours
Training: 2025-03-28 20:20:24,639-Speed 1210.43 samples/sec   Loss 16.5221   LearningRate 0.020000   Epoch: 0   Global Step: 240   Fp16 Grad Scale: 65536   Required: 12 hours
Training: 2025-03-28 20:20:25,683-Speed 1226.65 samples/sec   Loss 16.2849   LearningRate 0.020000   Epoch: 0   Global Step: 250   Fp16 Grad Scale: 65536   Required: 12 hours
Training: 2025-03-28 20:20:26,723-Speed 1231.26 samples/sec   Loss 16.2480   LearningRate 0.020000   Epoch: 0   Global Step: 260   Fp16 Grad Scale: 65536   Required: 11 hours
Training: 2025-03-28 20:20:27,771-Speed 1221.25 samples/sec   Loss 16.3660   LearningRate 0.020000   Epoch: 0   Global Step: 270   Fp16 Grad Scale: 65536   Required: 11 hours
Training: 2025-03-28 20:20:28,816-Speed 1227.99 samples/sec   Loss 16.1258   LearningRate 0.020000   Epoch: 0   Global Step: 280   Fp16 Grad Scale: 65536   Required: 11 hours
Training: 2025-03-28 20:20:29,858-Speed 1227.35 samples/sec   Loss 16.2066   LearningRate 0.020000   Epoch: 0   Global Step: 290   Fp16 Grad Scale: 65536   Required: 11 hours
Training: 2025-03-28 20:20:30,900-Speed 1228.77 samples/sec   Loss 16.4680   LearningRate 0.020000   Epoch: 0   Global Step: 300   Fp16 Grad Scale: 65536   Required: 11 hours
Training: 2025-03-28 20:20:31,944-Speed 1228.36 samples/sec   Loss 16.2620   LearningRate 0.020000   Epoch: 0   Global Step: 310   Fp16 Grad Scale: 131072   Required: 10 hours
Training: 2025-03-28 20:20:32,986-Speed 1230.28 samples/sec   Loss 16.1263   LearningRate 0.020000   Epoch: 0   Global Step: 320   Fp16 Grad Scale: 131072   Required: 10 hours
Training: 2025-03-28 20:20:34,033-Speed 1221.58 samples/sec   Loss 16.1745   LearningRate 0.020000   Epoch: 0   Global Step: 330   Fp16 Grad Scale: 131072   Required: 10 hours
Training: 2025-03-28 20:20:35,107-Speed 1193.13 samples/sec   Loss 16.1290   LearningRate 0.020000   Epoch: 0   Global Step: 340   Fp16 Grad Scale: 131072   Required: 10 hours
Training: 2025-03-28 20:20:36,151-Speed 1226.75 samples/sec   Loss 16.1315   LearningRate 0.020000   Epoch: 0   Global Step: 350   Fp16 Grad Scale: 131072   Required: 10 hours
Training: 2025-03-28 20:20:37,196-Speed 1225.29 samples/sec   Loss 16.3130   LearningRate 0.020000   Epoch: 0   Global Step: 360   Fp16 Grad Scale: 131072   Required: 10 hours
Training: 2025-03-28 20:20:38,237-Speed 1230.16 samples/sec   Loss 15.9581   LearningRate 0.020000   Epoch: 0   Global Step: 370   Fp16 Grad Scale: 131072   Required: 10 hours
Training: 2025-03-28 20:20:39,279-Speed 1229.56 samples/sec   Loss 15.9545   LearningRate 0.020000   Epoch: 0   Global Step: 380   Fp16 Grad Scale: 131072   Required: 10 hours
Training: 2025-03-28 20:20:40,319-Speed 1230.64 samples/sec   Loss 15.9370   LearningRate 0.020000   Epoch: 0   Global Step: 390   Fp16 Grad Scale: 131072   Required: 10 hours
Training: 2025-03-28 20:20:41,361-Speed 1229.77 samples/sec   Loss 15.8754   LearningRate 0.020000   Epoch: 0   Global Step: 400   Fp16 Grad Scale: 131072   Required: 10 hours
Training: 2025-03-28 20:20:42,401-Speed 1230.55 samples/sec   Loss 16.0834   LearningRate 0.020000   Epoch: 0   Global Step: 410   Fp16 Grad Scale: 262144   Required: 9 hours
Training: 2025-03-28 20:20:43,437-Speed 1235.96 samples/sec   Loss 15.9080   LearningRate 0.020000   Epoch: 0   Global Step: 420   Fp16 Grad Scale: 131072   Required: 9 hours
Training: 2025-03-28 20:20:44,478-Speed 1230.12 samples/sec   Loss 15.9225   LearningRate 0.020000   Epoch: 0   Global Step: 430   Fp16 Grad Scale: 131072   Required: 9 hours
Training: 2025-03-28 20:20:45,538-Speed 1208.59 samples/sec   Loss 15.7388   LearningRate 0.020000   Epoch: 0   Global Step: 440   Fp16 Grad Scale: 131072   Required: 9 hours
Training: 2025-03-28 20:20:46,595-Speed 1217.52 samples/sec   Loss 15.8697   LearningRate 0.020000   Epoch: 0   Global Step: 450   Fp16 Grad Scale: 131072   Required: 9 hours
Training: 2025-03-28 20:20:47,638-Speed 1228.28 samples/sec   Loss 15.9163   LearningRate 0.020000   Epoch: 0   Global Step: 460   Fp16 Grad Scale: 65536   Required: 9 hours
Training: 2025-03-28 20:20:48,681-Speed 1227.36 samples/sec   Loss 15.7351   LearningRate 0.020000   Epoch: 0   Global Step: 470   Fp16 Grad Scale: 65536   Required: 9 hours
Training: 2025-03-28 20:20:49,734-Speed 1216.75 samples/sec   Loss 15.7832   LearningRate 0.020000   Epoch: 0   Global Step: 480   Fp16 Grad Scale: 65536   Required: 9 hours
Training: 2025-03-28 20:20:50,778-Speed 1226.54 samples/sec   Loss 15.7126   LearningRate 0.020000   Epoch: 0   Global Step: 490   Fp16 Grad Scale: 65536   Required: 9 hours
Training: 2025-03-28 20:20:51,820-Speed 1227.94 samples/sec   Loss 15.7227   LearningRate 0.020000   Epoch: 0   Global Step: 500   Fp16 Grad Scale: 65536   Required: 9 hours
Training: 2025-03-28 20:20:52,863-Speed 1228.75 samples/sec   Loss 15.8672   LearningRate 0.020000   Epoch: 0   Global Step: 510   Fp16 Grad Scale: 65536   Required: 9 hours
Training: 2025-03-28 20:20:53,907-Speed 1226.36 samples/sec   Loss 15.7384   LearningRate 0.020000   Epoch: 0   Global Step: 520   Fp16 Grad Scale: 65536   Required: 9 hours
Training: 2025-03-28 20:20:54,948-Speed 1228.62 samples/sec   Loss 15.8133   LearningRate 0.020000   Epoch: 0   Global Step: 530   Fp16 Grad Scale: 65536   Required: 9 hours
Training: 2025-03-28 20:20:55,990-Speed 1228.69 samples/sec   Loss 15.5847   LearningRate 0.020000   Epoch: 0   Global Step: 540   Fp16 Grad Scale: 65536   Required: 8 hours
Training: 2025-03-28 20:20:57,056-Speed 1201.72 samples/sec   Loss 15.6149   LearningRate 0.020000   Epoch: 0   Global Step: 550   Fp16 Grad Scale: 65536   Required: 9 hours
Training: 2025-03-28 20:20:58,099-Speed 1228.07 samples/sec   Loss 15.4288   LearningRate 0.020000   Epoch: 0   Global Step: 560   Fp16 Grad Scale: 131072   Required: 8 hours
Training: 2025-03-28 20:20:59,143-Speed 1227.18 samples/sec   Loss 15.6852   LearningRate 0.020000   Epoch: 0   Global Step: 570   Fp16 Grad Scale: 131072   Required: 8 hours
Training: 2025-03-28 20:21:00,187-Speed 1225.98 samples/sec   Loss 15.6295   LearningRate 0.020000   Epoch: 0   Global Step: 580   Fp16 Grad Scale: 131072   Required: 8 hours
Training: 2025-03-28 20:21:01,230-Speed 1227.07 samples/sec   Loss 15.7797   LearningRate 0.020000   Epoch: 0   Global Step: 590   Fp16 Grad Scale: 131072   Required: 8 hours
Training: 2025-03-28 20:21:02,277-Speed 1223.20 samples/sec   Loss 15.4857   LearningRate 0.020000   Epoch: 0   Global Step: 600   Fp16 Grad Scale: 131072   Required: 8 hours
Training: 2025-03-28 20:21:03,321-Speed 1227.02 samples/sec   Loss 15.4462   LearningRate 0.020000   Epoch: 0   Global Step: 610   Fp16 Grad Scale: 131072   Required: 8 hours
Training: 2025-03-28 20:21:04,365-Speed 1227.48 samples/sec   Loss 15.3980   LearningRate 0.020000   Epoch: 0   Global Step: 620   Fp16 Grad Scale: 131072   Required: 8 hours
Training: 2025-03-28 20:21:05,407-Speed 1229.65 samples/sec   Loss 15.5041   LearningRate 0.020000   Epoch: 0   Global Step: 630   Fp16 Grad Scale: 131072   Required: 8 hours
Training: 2025-03-28 20:21:06,451-Speed 1227.00 samples/sec   Loss 15.5249   LearningRate 0.020000   Epoch: 0   Global Step: 640   Fp16 Grad Scale: 131072   Required: 8 hours
Training: 2025-03-28 20:21:07,495-Speed 1227.41 samples/sec   Loss 15.5765   LearningRate 0.019999   Epoch: 0   Global Step: 650   Fp16 Grad Scale: 131072   Required: 8 hours
Training: 2025-03-28 20:21:08,538-Speed 1227.75 samples/sec   Loss 15.3702   LearningRate 0.019999   Epoch: 0   Global Step: 660   Fp16 Grad Scale: 262144   Required: 8 hours
Training: 2025-03-28 20:21:09,581-Speed 1228.31 samples/sec   Loss 15.4678   LearningRate 0.019999   Epoch: 0   Global Step: 670   Fp16 Grad Scale: 262144   Required: 8 hours
Training: 2025-03-28 20:21:10,624-Speed 1227.39 samples/sec   Loss 15.4215   LearningRate 0.019999   Epoch: 0   Global Step: 680   Fp16 Grad Scale: 262144   Required: 8 hours
Training: 2025-03-28 20:21:11,669-Speed 1225.74 samples/sec   Loss 15.5170   LearningRate 0.019999   Epoch: 0   Global Step: 690   Fp16 Grad Scale: 262144   Required: 8 hours
Training: 2025-03-28 20:21:12,711-Speed 1229.28 samples/sec   Loss 15.2267   LearningRate 0.019999   Epoch: 0   Global Step: 700   Fp16 Grad Scale: 262144   Required: 8 hours
Training: 2025-03-28 20:21:13,754-Speed 1229.21 samples/sec   Loss 15.3662   LearningRate 0.019999   Epoch: 0   Global Step: 710   Fp16 Grad Scale: 262144   Required: 8 hours
Training: 2025-03-28 20:21:14,798-Speed 1227.16 samples/sec   Loss 15.2220   LearningRate 0.019999   Epoch: 0   Global Step: 720   Fp16 Grad Scale: 262144   Required: 8 hours
Training: 2025-03-28 20:21:15,841-Speed 1227.70 samples/sec   Loss 15.0832   LearningRate 0.019999   Epoch: 0   Global Step: 730   Fp16 Grad Scale: 262144   Required: 8 hours
Training: 2025-03-28 20:21:16,903-Speed 1205.01 samples/sec   Loss 15.3705   LearningRate 0.019999   Epoch: 0   Global Step: 740   Fp16 Grad Scale: 131072   Required: 8 hours
Training: 2025-03-28 20:21:17,951-Speed 1222.75 samples/sec   Loss 14.9920   LearningRate 0.019999   Epoch: 0   Global Step: 750   Fp16 Grad Scale: 131072   Required: 8 hours
Training: 2025-03-28 20:21:18,996-Speed 1226.33 samples/sec   Loss 15.2422   LearningRate 0.019999   Epoch: 0   Global Step: 760   Fp16 Grad Scale: 131072   Required: 8 hours
Training: 2025-03-28 20:21:20,038-Speed 1228.51 samples/sec   Loss 15.1772   LearningRate 0.019999   Epoch: 0   Global Step: 770   Fp16 Grad Scale: 131072   Required: 8 hours
Training: 2025-03-28 20:21:21,081-Speed 1227.11 samples/sec   Loss 15.1788   LearningRate 0.019999   Epoch: 0   Global Step: 780   Fp16 Grad Scale: 131072   Required: 8 hours
Training: 2025-03-28 20:21:22,127-Speed 1223.96 samples/sec   Loss 15.1000   LearningRate 0.019999   Epoch: 0   Global Step: 790   Fp16 Grad Scale: 131072   Required: 8 hours
Training: 2025-03-28 20:21:23,173-Speed 1225.26 samples/sec   Loss 15.0649   LearningRate 0.019999   Epoch: 0   Global Step: 800   Fp16 Grad Scale: 131072   Required: 8 hours
Training: 2025-03-28 20:21:24,215-Speed 1227.39 samples/sec   Loss 15.0918   LearningRate 0.019999   Epoch: 0   Global Step: 810   Fp16 Grad Scale: 131072   Required: 8 hours
Training: 2025-03-28 20:21:25,265-Speed 1219.97 samples/sec   Loss 15.2523   LearningRate 0.019999   Epoch: 0   Global Step: 820   Fp16 Grad Scale: 131072   Required: 8 hours
Training: 2025-03-28 20:21:26,309-Speed 1227.30 samples/sec   Loss 15.0449   LearningRate 0.019999   Epoch: 0   Global Step: 830   Fp16 Grad Scale: 131072   Required: 8 hours
Training: 2025-03-28 20:21:27,369-Speed 1208.60 samples/sec   Loss 14.9876   LearningRate 0.019999   Epoch: 0   Global Step: 840   Fp16 Grad Scale: 262144   Required: 8 hours
Training: 2025-03-28 20:21:28,428-Speed 1209.66 samples/sec   Loss 15.0293   LearningRate 0.019999   Epoch: 0   Global Step: 850   Fp16 Grad Scale: 262144   Required: 8 hours
Training: 2025-03-28 20:21:29,469-Speed 1230.04 samples/sec   Loss 15.1036   LearningRate 0.019999   Epoch: 0   Global Step: 860   Fp16 Grad Scale: 131072   Required: 8 hours
Training: 2025-03-28 20:21:30,512-Speed 1227.48 samples/sec   Loss 14.8945   LearningRate 0.019999   Epoch: 0   Global Step: 870   Fp16 Grad Scale: 131072   Required: 8 hours
Training: 2025-03-28 20:21:31,553-Speed 1230.04 samples/sec   Loss 14.9081   LearningRate 0.019999   Epoch: 0   Global Step: 880   Fp16 Grad Scale: 131072   Required: 7 hours
Training: 2025-03-28 20:21:32,596-Speed 1228.20 samples/sec   Loss 15.0915   LearningRate 0.019999   Epoch: 0   Global Step: 890   Fp16 Grad Scale: 131072   Required: 7 hours
Training: 2025-03-28 20:21:33,639-Speed 1227.36 samples/sec   Loss 14.7471   LearningRate 0.019999   Epoch: 0   Global Step: 900   Fp16 Grad Scale: 131072   Required: 7 hours
Training: 2025-03-28 20:21:34,680-Speed 1229.55 samples/sec   Loss 14.9151   LearningRate 0.019999   Epoch: 0   Global Step: 910   Fp16 Grad Scale: 131072   Required: 7 hours
Training: 2025-03-28 20:21:35,722-Speed 1230.02 samples/sec   Loss 15.0511   LearningRate 0.019999   Epoch: 0   Global Step: 920   Fp16 Grad Scale: 131072   Required: 7 hours
Training: 2025-03-28 20:21:36,763-Speed 1230.02 samples/sec   Loss 14.8028   LearningRate 0.019999   Epoch: 0   Global Step: 930   Fp16 Grad Scale: 131072   Required: 7 hours
Training: 2025-03-28 20:21:37,805-Speed 1228.95 samples/sec   Loss 14.9352   LearningRate 0.019999   Epoch: 0   Global Step: 940   Fp16 Grad Scale: 131072   Required: 7 hours
Training: 2025-03-28 20:21:38,876-Speed 1196.64 samples/sec   Loss 14.7300   LearningRate 0.019999   Epoch: 0   Global Step: 950   Fp16 Grad Scale: 131072   Required: 7 hours
Training: 2025-03-28 20:21:39,922-Speed 1225.20 samples/sec   Loss 14.6025   LearningRate 0.019999   Epoch: 0   Global Step: 960   Fp16 Grad Scale: 262144   Required: 7 hours
Training: 2025-03-28 20:21:40,967-Speed 1224.55 samples/sec   Loss 14.7312   LearningRate 0.019999   Epoch: 0   Global Step: 970   Fp16 Grad Scale: 262144   Required: 7 hours
Training: 2025-03-28 20:21:42,008-Speed 1229.69 samples/sec   Loss 14.7961   LearningRate 0.019999   Epoch: 0   Global Step: 980   Fp16 Grad Scale: 262144   Required: 7 hours
Training: 2025-03-28 20:21:43,050-Speed 1229.63 samples/sec   Loss 14.6551   LearningRate 0.019999   Epoch: 0   Global Step: 990   Fp16 Grad Scale: 262144   Required: 7 hours
Training: 2025-03-28 20:21:44,091-Speed 1229.77 samples/sec   Loss 14.5934   LearningRate 0.019999   Epoch: 0   Global Step: 1000   Fp16 Grad Scale: 262144   Required: 7 hours
Training: 2025-03-28 20:21:45,138-Speed 1222.33 samples/sec   Loss 14.6004   LearningRate 0.019999   Epoch: 0   Global Step: 1010   Fp16 Grad Scale: 262144   Required: 7 hours
Training: 2025-03-28 20:21:46,180-Speed 1228.42 samples/sec   Loss 14.4681   LearningRate 0.019999   Epoch: 0   Global Step: 1020   Fp16 Grad Scale: 262144   Required: 7 hours
Training: 2025-03-28 20:21:47,223-Speed 1228.62 samples/sec   Loss 14.4755   LearningRate 0.019999   Epoch: 0   Global Step: 1030   Fp16 Grad Scale: 262144   Required: 7 hours
Training: 2025-03-28 20:21:48,263-Speed 1230.93 samples/sec   Loss 14.5750   LearningRate 0.019999   Epoch: 0   Global Step: 1040   Fp16 Grad Scale: 262144   Required: 7 hours
Training: 2025-03-28 20:21:49,319-Speed 1213.83 samples/sec   Loss 14.5707   LearningRate 0.019999   Epoch: 0   Global Step: 1050   Fp16 Grad Scale: 262144   Required: 7 hours
Training: 2025-03-28 20:21:50,383-Speed 1202.75 samples/sec   Loss 14.7230   LearningRate 0.019999   Epoch: 0   Global Step: 1060   Fp16 Grad Scale: 524288   Required: 7 hours
Training: 2025-03-28 20:21:51,427-Speed 1227.23 samples/sec   Loss 14.5679   LearningRate 0.019999   Epoch: 0   Global Step: 1070   Fp16 Grad Scale: 262144   Required: 7 hours
Training: 2025-03-28 20:21:52,468-Speed 1230.08 samples/sec   Loss 14.1709   LearningRate 0.019999   Epoch: 0   Global Step: 1080   Fp16 Grad Scale: 262144   Required: 7 hours
Training: 2025-03-28 20:21:53,511-Speed 1230.05 samples/sec   Loss 14.3056   LearningRate 0.019999   Epoch: 0   Global Step: 1090   Fp16 Grad Scale: 262144   Required: 7 hours
Training: 2025-03-28 20:21:54,560-Speed 1220.19 samples/sec   Loss 14.4222   LearningRate 0.019999   Epoch: 0   Global Step: 1100   Fp16 Grad Scale: 262144   Required: 7 hours
Training: 2025-03-28 20:21:55,600-Speed 1231.03 samples/sec   Loss 14.3194   LearningRate 0.019999   Epoch: 0   Global Step: 1110   Fp16 Grad Scale: 262144   Required: 7 hours
Training: 2025-03-28 20:21:56,644-Speed 1227.69 samples/sec   Loss 14.1989   LearningRate 0.019998   Epoch: 0   Global Step: 1120   Fp16 Grad Scale: 262144   Required: 7 hours
Training: 2025-03-28 20:21:57,694-Speed 1220.75 samples/sec   Loss 14.3408   LearningRate 0.019998   Epoch: 0   Global Step: 1130   Fp16 Grad Scale: 262144   Required: 7 hours
Training: 2025-03-28 20:21:58,736-Speed 1227.58 samples/sec   Loss 14.2491   LearningRate 0.019998   Epoch: 0   Global Step: 1140   Fp16 Grad Scale: 262144   Required: 7 hours
Training: 2025-03-28 20:21:59,780-Speed 1228.14 samples/sec   Loss 14.4446   LearningRate 0.019998   Epoch: 0   Global Step: 1150   Fp16 Grad Scale: 262144   Required: 7 hours
Training: 2025-03-28 20:22:00,860-Speed 1186.35 samples/sec   Loss 14.2726   LearningRate 0.019998   Epoch: 0   Global Step: 1160   Fp16 Grad Scale: 262144   Required: 7 hours
Training: 2025-03-28 20:22:01,906-Speed 1224.73 samples/sec   Loss 14.2414   LearningRate 0.019998   Epoch: 0   Global Step: 1170   Fp16 Grad Scale: 524288   Required: 7 hours
Training: 2025-03-28 20:22:02,946-Speed 1230.03 samples/sec   Loss 14.3783   LearningRate 0.019998   Epoch: 0   Global Step: 1180   Fp16 Grad Scale: 262144   Required: 7 hours
Training: 2025-03-28 20:22:03,990-Speed 1226.36 samples/sec   Loss 14.2684   LearningRate 0.019998   Epoch: 0   Global Step: 1190   Fp16 Grad Scale: 262144   Required: 7 hours
Training: 2025-03-28 20:22:05,034-Speed 1225.73 samples/sec   Loss 14.2033   LearningRate 0.019998   Epoch: 0   Global Step: 1200   Fp16 Grad Scale: 262144   Required: 7 hours
Training: 2025-03-28 20:22:06,078-Speed 1228.80 samples/sec   Loss 14.0686   LearningRate 0.019998   Epoch: 0   Global Step: 1210   Fp16 Grad Scale: 262144   Required: 7 hours
Training: 2025-03-28 20:22:07,120-Speed 1229.78 samples/sec   Loss 14.0367   LearningRate 0.019998   Epoch: 0   Global Step: 1220   Fp16 Grad Scale: 262144   Required: 7 hours
Training: 2025-03-28 20:22:08,162-Speed 1227.84 samples/sec   Loss 14.2449   LearningRate 0.019998   Epoch: 0   Global Step: 1230   Fp16 Grad Scale: 262144   Required: 7 hours
Training: 2025-03-28 20:22:09,205-Speed 1228.47 samples/sec   Loss 14.2465   LearningRate 0.019998   Epoch: 0   Global Step: 1240   Fp16 Grad Scale: 131072   Required: 7 hours
Training: 2025-03-28 20:22:10,253-Speed 1221.68 samples/sec   Loss 14.0132   LearningRate 0.019998   Epoch: 0   Global Step: 1250   Fp16 Grad Scale: 131072   Required: 7 hours
Training: 2025-03-28 20:22:11,308-Speed 1213.73 samples/sec   Loss 14.0502   LearningRate 0.019998   Epoch: 0   Global Step: 1260   Fp16 Grad Scale: 131072   Required: 7 hours
Training: 2025-03-28 20:22:12,379-Speed 1195.99 samples/sec   Loss 13.9047   LearningRate 0.019998   Epoch: 0   Global Step: 1270   Fp16 Grad Scale: 131072   Required: 7 hours
Training: 2025-03-28 20:22:13,423-Speed 1227.71 samples/sec   Loss 14.0036   LearningRate 0.019998   Epoch: 0   Global Step: 1280   Fp16 Grad Scale: 131072   Required: 7 hours
Training: 2025-03-28 20:22:14,471-Speed 1221.04 samples/sec   Loss 14.0465   LearningRate 0.019998   Epoch: 0   Global Step: 1290   Fp16 Grad Scale: 131072   Required: 7 hours
Training: 2025-03-28 20:22:15,515-Speed 1228.69 samples/sec   Loss 13.9254   LearningRate 0.019998   Epoch: 0   Global Step: 1300   Fp16 Grad Scale: 131072   Required: 7 hours
Training: 2025-03-28 20:22:16,557-Speed 1228.14 samples/sec   Loss 13.9386   LearningRate 0.019998   Epoch: 0   Global Step: 1310   Fp16 Grad Scale: 131072   Required: 7 hours
Training: 2025-03-28 20:22:17,605-Speed 1223.52 samples/sec   Loss 13.8757   LearningRate 0.019998   Epoch: 0   Global Step: 1320   Fp16 Grad Scale: 131072   Required: 7 hours
Training: 2025-03-28 20:22:18,650-Speed 1226.50 samples/sec   Loss 13.9302   LearningRate 0.019998   Epoch: 0   Global Step: 1330   Fp16 Grad Scale: 131072   Required: 7 hours
Training: 2025-03-28 20:22:19,705-Speed 1212.93 samples/sec   Loss 14.0139   LearningRate 0.019998   Epoch: 0   Global Step: 1340   Fp16 Grad Scale: 262144   Required: 7 hours
Training: 2025-03-28 20:22:20,748-Speed 1226.62 samples/sec   Loss 14.0262   LearningRate 0.019998   Epoch: 0   Global Step: 1350   Fp16 Grad Scale: 262144   Required: 7 hours
Training: 2025-03-28 20:22:21,790-Speed 1228.76 samples/sec   Loss 13.9311   LearningRate 0.019998   Epoch: 0   Global Step: 1360   Fp16 Grad Scale: 262144   Required: 7 hours
Training: 2025-03-28 20:22:22,863-Speed 1194.26 samples/sec   Loss 13.6833   LearningRate 0.019998   Epoch: 0   Global Step: 1370   Fp16 Grad Scale: 262144   Required: 7 hours
Training: 2025-03-28 20:22:23,909-Speed 1224.68 samples/sec   Loss 13.7108   LearningRate 0.019998   Epoch: 0   Global Step: 1380   Fp16 Grad Scale: 262144   Required: 7 hours
Training: 2025-03-28 20:22:24,962-Speed 1216.70 samples/sec   Loss 13.6766   LearningRate 0.019998   Epoch: 0   Global Step: 1390   Fp16 Grad Scale: 262144   Required: 7 hours
Training: 2025-03-28 20:22:26,004-Speed 1229.59 samples/sec   Loss 13.5625   LearningRate 0.019998   Epoch: 0   Global Step: 1400   Fp16 Grad Scale: 262144   Required: 7 hours
Training: 2025-03-28 20:22:27,052-Speed 1220.97 samples/sec   Loss 13.7818   LearningRate 0.019998   Epoch: 0   Global Step: 1410   Fp16 Grad Scale: 262144   Required: 7 hours
Training: 2025-03-28 20:22:28,098-Speed 1223.63 samples/sec   Loss 13.6093   LearningRate 0.019998   Epoch: 0   Global Step: 1420   Fp16 Grad Scale: 262144   Required: 7 hours
Training: 2025-03-28 20:22:29,141-Speed 1228.92 samples/sec   Loss 13.8052   LearningRate 0.019998   Epoch: 0   Global Step: 1430   Fp16 Grad Scale: 262144   Required: 7 hours
Training: 2025-03-28 20:22:30,181-Speed 1230.62 samples/sec   Loss 13.4838   LearningRate 0.019998   Epoch: 0   Global Step: 1440   Fp16 Grad Scale: 262144   Required: 7 hours
Training: 2025-03-28 20:22:31,222-Speed 1228.88 samples/sec   Loss 13.8037   LearningRate 0.019997   Epoch: 0   Global Step: 1450   Fp16 Grad Scale: 262144   Required: 7 hours
Training: 2025-03-28 20:22:32,264-Speed 1228.89 samples/sec   Loss 13.6545   LearningRate 0.019997   Epoch: 0   Global Step: 1460   Fp16 Grad Scale: 262144   Required: 7 hours
Training: 2025-03-28 20:22:33,319-Speed 1213.69 samples/sec   Loss 13.5934   LearningRate 0.019997   Epoch: 0   Global Step: 1470   Fp16 Grad Scale: 262144   Required: 7 hours
Training: 2025-03-28 20:22:34,384-Speed 1200.99 samples/sec   Loss 13.4351   LearningRate 0.019997   Epoch: 0   Global Step: 1480   Fp16 Grad Scale: 262144   Required: 7 hours
Training: 2025-03-28 20:22:35,436-Speed 1218.55 samples/sec   Loss 13.4737   LearningRate 0.019997   Epoch: 0   Global Step: 1490   Fp16 Grad Scale: 262144   Required: 7 hours
Training: 2025-03-28 20:22:36,477-Speed 1230.19 samples/sec   Loss 13.7271   LearningRate 0.019997   Epoch: 0   Global Step: 1500   Fp16 Grad Scale: 262144   Required: 7 hours
Training: 2025-03-28 20:22:37,519-Speed 1229.83 samples/sec   Loss 13.7468   LearningRate 0.019997   Epoch: 0   Global Step: 1510   Fp16 Grad Scale: 262144   Required: 7 hours
Training: 2025-03-28 20:22:38,560-Speed 1230.63 samples/sec   Loss 13.3362   LearningRate 0.019997   Epoch: 0   Global Step: 1520   Fp16 Grad Scale: 262144   Required: 7 hours
Training: 2025-03-28 20:22:39,605-Speed 1226.21 samples/sec   Loss 13.5287   LearningRate 0.019997   Epoch: 0   Global Step: 1530   Fp16 Grad Scale: 262144   Required: 7 hours
Training: 2025-03-28 20:22:40,647-Speed 1229.15 samples/sec   Loss 13.6108   LearningRate 0.019997   Epoch: 0   Global Step: 1540   Fp16 Grad Scale: 524288   Required: 7 hours
Training: 2025-03-28 20:22:41,690-Speed 1228.99 samples/sec   Loss 13.3237   LearningRate 0.019997   Epoch: 0   Global Step: 1550   Fp16 Grad Scale: 524288   Required: 7 hours
Training: 2025-03-28 20:22:42,731-Speed 1230.42 samples/sec   Loss 13.0891   LearningRate 0.019997   Epoch: 0   Global Step: 1560   Fp16 Grad Scale: 262144   Required: 7 hours
Training: 2025-03-28 20:22:43,807-Speed 1190.63 samples/sec   Loss 13.1862   LearningRate 0.019997   Epoch: 0   Global Step: 1570   Fp16 Grad Scale: 262144   Required: 7 hours
Training: 2025-03-28 20:22:44,851-Speed 1226.70 samples/sec   Loss 13.3258   LearningRate 0.019997   Epoch: 0   Global Step: 1580   Fp16 Grad Scale: 262144   Required: 7 hours
Training: 2025-03-28 20:22:45,899-Speed 1221.83 samples/sec   Loss 13.2470   LearningRate 0.019997   Epoch: 0   Global Step: 1590   Fp16 Grad Scale: 262144   Required: 7 hours
Training: 2025-03-28 20:22:46,941-Speed 1229.86 samples/sec   Loss 13.3135   LearningRate 0.019997   Epoch: 0   Global Step: 1600   Fp16 Grad Scale: 262144   Required: 7 hours
Training: 2025-03-28 20:22:47,983-Speed 1228.41 samples/sec   Loss 13.4168   LearningRate 0.019997   Epoch: 0   Global Step: 1610   Fp16 Grad Scale: 262144   Required: 7 hours
Training: 2025-03-28 20:22:49,025-Speed 1229.19 samples/sec   Loss 13.1410   LearningRate 0.019997   Epoch: 0   Global Step: 1620   Fp16 Grad Scale: 262144   Required: 7 hours
Training: 2025-03-28 20:22:50,066-Speed 1230.04 samples/sec   Loss 13.2119   LearningRate 0.019997   Epoch: 0   Global Step: 1630   Fp16 Grad Scale: 262144   Required: 7 hours
Training: 2025-03-28 20:22:51,113-Speed 1223.63 samples/sec   Loss 13.0556   LearningRate 0.019997   Epoch: 0   Global Step: 1640   Fp16 Grad Scale: 262144   Required: 7 hours
Training: 2025-03-28 20:22:52,154-Speed 1230.67 samples/sec   Loss 13.2007   LearningRate 0.019997   Epoch: 0   Global Step: 1650   Fp16 Grad Scale: 262144   Required: 7 hours
Training: 2025-03-28 20:22:53,206-Speed 1216.66 samples/sec   Loss 13.2079   LearningRate 0.019997   Epoch: 0   Global Step: 1660   Fp16 Grad Scale: 524288   Required: 7 hours
Training: 2025-03-28 20:22:54,261-Speed 1213.86 samples/sec   Loss 13.2967   LearningRate 0.019997   Epoch: 0   Global Step: 1670   Fp16 Grad Scale: 262144   Required: 7 hours
Training: 2025-03-28 20:22:55,309-Speed 1221.87 samples/sec   Loss 13.1855   LearningRate 0.019997   Epoch: 0   Global Step: 1680   Fp16 Grad Scale: 262144   Required: 7 hours
Training: 2025-03-28 20:22:56,354-Speed 1225.12 samples/sec   Loss 13.0238   LearningRate 0.019997   Epoch: 0   Global Step: 1690   Fp16 Grad Scale: 262144   Required: 7 hours
Training: 2025-03-28 20:22:57,397-Speed 1227.51 samples/sec   Loss 13.0344   LearningRate 0.019997   Epoch: 0   Global Step: 1700   Fp16 Grad Scale: 262144   Required: 7 hours
Training: 2025-03-28 20:22:58,439-Speed 1228.68 samples/sec   Loss 12.9295   LearningRate 0.019996   Epoch: 0   Global Step: 1710   Fp16 Grad Scale: 262144   Required: 7 hours
Training: 2025-03-28 20:22:59,483-Speed 1226.48 samples/sec   Loss 12.8334   LearningRate 0.019996   Epoch: 0   Global Step: 1720   Fp16 Grad Scale: 262144   Required: 7 hours
Training: 2025-03-28 20:23:00,525-Speed 1228.15 samples/sec   Loss 12.9077   LearningRate 0.019996   Epoch: 0   Global Step: 1730   Fp16 Grad Scale: 262144   Required: 7 hours
Training: 2025-03-28 20:23:01,570-Speed 1227.88 samples/sec   Loss 12.8570   LearningRate 0.019996   Epoch: 0   Global Step: 1740   Fp16 Grad Scale: 262144   Required: 7 hours
Training: 2025-03-28 20:23:02,613-Speed 1227.00 samples/sec   Loss 12.8394   LearningRate 0.019996   Epoch: 0   Global Step: 1750   Fp16 Grad Scale: 262144   Required: 7 hours
Training: 2025-03-28 20:23:03,685-Speed 1195.93 samples/sec   Loss 13.0027   LearningRate 0.019996   Epoch: 0   Global Step: 1760   Fp16 Grad Scale: 262144   Required: 7 hours
Training: 2025-03-28 20:23:04,724-Speed 1231.58 samples/sec   Loss 12.5576   LearningRate 0.019996   Epoch: 0   Global Step: 1770   Fp16 Grad Scale: 262144   Required: 7 hours
Training: 2025-03-28 20:23:05,771-Speed 1222.49 samples/sec   Loss 12.9982   LearningRate 0.019996   Epoch: 0   Global Step: 1780   Fp16 Grad Scale: 262144   Required: 7 hours
Training: 2025-03-28 20:23:06,814-Speed 1227.38 samples/sec   Loss 12.8645   LearningRate 0.019996   Epoch: 0   Global Step: 1790   Fp16 Grad Scale: 262144   Required: 7 hours
Training: 2025-03-28 20:23:07,856-Speed 1228.27 samples/sec   Loss 12.7142   LearningRate 0.019996   Epoch: 0   Global Step: 1800   Fp16 Grad Scale: 262144   Required: 7 hours
Training: 2025-03-28 20:23:08,899-Speed 1228.00 samples/sec   Loss 12.8600   LearningRate 0.019996   Epoch: 0   Global Step: 1810   Fp16 Grad Scale: 262144   Required: 7 hours
Training: 2025-03-28 20:23:09,942-Speed 1229.41 samples/sec   Loss 12.6495   LearningRate 0.019996   Epoch: 0   Global Step: 1820   Fp16 Grad Scale: 262144   Required: 7 hours
Training: 2025-03-28 20:23:10,987-Speed 1224.96 samples/sec   Loss 12.6788   LearningRate 0.019996   Epoch: 0   Global Step: 1830   Fp16 Grad Scale: 262144   Required: 7 hours
Training: 2025-03-28 20:23:12,036-Speed 1221.62 samples/sec   Loss 12.6387   LearningRate 0.019996   Epoch: 0   Global Step: 1840   Fp16 Grad Scale: 262144   Required: 7 hours
Training: 2025-03-28 20:23:13,086-Speed 1219.77 samples/sec   Loss 12.6269   LearningRate 0.019996   Epoch: 0   Global Step: 1850   Fp16 Grad Scale: 262144   Required: 7 hours
Training: 2025-03-28 20:23:14,170-Speed 1182.27 samples/sec   Loss 12.7201   LearningRate 0.019996   Epoch: 0   Global Step: 1860   Fp16 Grad Scale: 262144   Required: 7 hours
Training: 2025-03-28 20:23:15,215-Speed 1224.52 samples/sec   Loss 12.6222   LearningRate 0.019996   Epoch: 0   Global Step: 1870   Fp16 Grad Scale: 262144   Required: 7 hours
Training: 2025-03-28 20:23:16,262-Speed 1225.96 samples/sec   Loss 12.8110   LearningRate 0.019996   Epoch: 0   Global Step: 1880   Fp16 Grad Scale: 262144   Required: 7 hours
Training: 2025-03-28 20:23:17,305-Speed 1228.86 samples/sec   Loss 12.3406   LearningRate 0.019996   Epoch: 0   Global Step: 1890   Fp16 Grad Scale: 262144   Required: 7 hours
Training: 2025-03-28 20:23:18,348-Speed 1229.18 samples/sec   Loss 12.6686   LearningRate 0.019996   Epoch: 0   Global Step: 1900   Fp16 Grad Scale: 262144   Required: 7 hours
Training: 2025-03-28 20:23:19,395-Speed 1222.12 samples/sec   Loss 12.3746   LearningRate 0.019996   Epoch: 0   Global Step: 1910   Fp16 Grad Scale: 262144   Required: 7 hours
Training: 2025-03-28 20:23:20,437-Speed 1228.36 samples/sec   Loss 12.5673   LearningRate 0.019996   Epoch: 0   Global Step: 1920   Fp16 Grad Scale: 262144   Required: 7 hours
Training: 2025-03-28 20:23:21,486-Speed 1221.53 samples/sec   Loss 12.5740   LearningRate 0.019996   Epoch: 0   Global Step: 1930   Fp16 Grad Scale: 262144   Required: 7 hours
Training: 2025-03-28 20:23:22,530-Speed 1226.76 samples/sec   Loss 12.7977   LearningRate 0.019995   Epoch: 0   Global Step: 1940   Fp16 Grad Scale: 262144   Required: 7 hours
Training: 2025-03-28 20:23:23,589-Speed 1209.51 samples/sec   Loss 12.2412   LearningRate 0.019995   Epoch: 0   Global Step: 1950   Fp16 Grad Scale: 262144   Required: 7 hours
Training: 2025-03-28 20:23:24,646-Speed 1213.30 samples/sec   Loss 12.4675   LearningRate 0.019995   Epoch: 0   Global Step: 1960   Fp16 Grad Scale: 262144   Required: 7 hours
Training: 2025-03-28 20:23:25,701-Speed 1213.87 samples/sec   Loss 12.3125   LearningRate 0.019995   Epoch: 0   Global Step: 1970   Fp16 Grad Scale: 524288   Required: 7 hours
Training: 2025-03-28 20:23:26,745-Speed 1226.78 samples/sec   Loss 12.0706   LearningRate 0.019995   Epoch: 0   Global Step: 1980   Fp16 Grad Scale: 524288   Required: 7 hours
Training: 2025-03-28 20:23:27,784-Speed 1233.93 samples/sec   Loss 12.2043   LearningRate 0.019995   Epoch: 0   Global Step: 1990   Fp16 Grad Scale: 262144   Required: 7 hours
Training: 2025-03-28 20:23:28,832-Speed 1221.25 samples/sec   Loss 12.4100   LearningRate 0.019995   Epoch: 0   Global Step: 2000   Fp16 Grad Scale: 262144   Required: 7 hours
Training: 2025-03-28 20:23:29,881-Speed 1221.99 samples/sec   Loss 12.3324   LearningRate 0.019995   Epoch: 0   Global Step: 2010   Fp16 Grad Scale: 262144   Required: 7 hours
Training: 2025-03-28 20:23:30,923-Speed 1228.73 samples/sec   Loss 12.0985   LearningRate 0.019995   Epoch: 0   Global Step: 2020   Fp16 Grad Scale: 262144   Required: 7 hours
Training: 2025-03-28 20:23:31,971-Speed 1221.60 samples/sec   Loss 12.0997   LearningRate 0.019995   Epoch: 0   Global Step: 2030   Fp16 Grad Scale: 262144   Required: 7 hours
Training: 2025-03-28 20:23:33,015-Speed 1225.99 samples/sec   Loss 12.0704   LearningRate 0.019995   Epoch: 0   Global Step: 2040   Fp16 Grad Scale: 262144   Required: 7 hours
Training: 2025-03-28 20:23:34,062-Speed 1223.26 samples/sec   Loss 12.1531   LearningRate 0.019995   Epoch: 0   Global Step: 2050   Fp16 Grad Scale: 262144   Required: 7 hours
Training: 2025-03-28 20:23:35,150-Speed 1177.42 samples/sec   Loss 11.9376   LearningRate 0.019995   Epoch: 0   Global Step: 2060   Fp16 Grad Scale: 262144   Required: 7 hours
Training: 2025-03-28 20:23:36,200-Speed 1219.12 samples/sec   Loss 12.0015   LearningRate 0.019995   Epoch: 0   Global Step: 2070   Fp16 Grad Scale: 262144   Required: 7 hours
Training: 2025-03-28 20:23:37,242-Speed 1228.57 samples/sec   Loss 12.0070   LearningRate 0.019995   Epoch: 0   Global Step: 2080   Fp16 Grad Scale: 262144   Required: 7 hours
Training: 2025-03-28 20:23:38,286-Speed 1227.21 samples/sec   Loss 12.3197   LearningRate 0.019995   Epoch: 0   Global Step: 2090   Fp16 Grad Scale: 524288   Required: 7 hours
Training: 2025-03-28 20:23:39,329-Speed 1226.58 samples/sec   Loss 12.1451   LearningRate 0.019995   Epoch: 0   Global Step: 2100   Fp16 Grad Scale: 524288   Required: 7 hours
Training: 2025-03-28 20:23:40,373-Speed 1226.86 samples/sec   Loss 12.3760   LearningRate 0.019995   Epoch: 0   Global Step: 2110   Fp16 Grad Scale: 524288   Required: 7 hours
Training: 2025-03-28 20:23:41,421-Speed 1220.69 samples/sec   Loss 11.9115   LearningRate 0.019995   Epoch: 0   Global Step: 2120   Fp16 Grad Scale: 524288   Required: 7 hours
Training: 2025-03-28 20:23:42,463-Speed 1232.07 samples/sec   Loss 11.9513   LearningRate 0.019995   Epoch: 0   Global Step: 2130   Fp16 Grad Scale: 262144   Required: 6 hours
Training: 2025-03-28 20:23:43,517-Speed 1213.80 samples/sec   Loss 12.0885   LearningRate 0.019994   Epoch: 0   Global Step: 2140   Fp16 Grad Scale: 262144   Required: 6 hours
Training: 2025-03-28 20:23:44,560-Speed 1227.66 samples/sec   Loss 12.0608   LearningRate 0.019994   Epoch: 0   Global Step: 2150   Fp16 Grad Scale: 262144   Required: 6 hours
Training: 2025-03-28 20:23:45,634-Speed 1193.45 samples/sec   Loss 11.7456   LearningRate 0.019994   Epoch: 0   Global Step: 2160   Fp16 Grad Scale: 262144   Required: 6 hours
Training: 2025-03-28 20:23:46,678-Speed 1228.13 samples/sec   Loss 12.0009   LearningRate 0.019994   Epoch: 0   Global Step: 2170   Fp16 Grad Scale: 262144   Required: 6 hours
Training: 2025-03-28 20:23:47,719-Speed 1229.82 samples/sec   Loss 11.8199   LearningRate 0.019994   Epoch: 0   Global Step: 2180   Fp16 Grad Scale: 262144   Required: 6 hours
Training: 2025-03-28 20:23:48,766-Speed 1222.85 samples/sec   Loss 11.7386   LearningRate 0.019994   Epoch: 0   Global Step: 2190   Fp16 Grad Scale: 262144   Required: 6 hours
Training: 2025-03-28 20:23:49,810-Speed 1228.01 samples/sec   Loss 11.5436   LearningRate 0.019994   Epoch: 0   Global Step: 2200   Fp16 Grad Scale: 262144   Required: 6 hours
Training: 2025-03-28 20:23:50,850-Speed 1230.87 samples/sec   Loss 11.6600   LearningRate 0.019994   Epoch: 0   Global Step: 2210   Fp16 Grad Scale: 262144   Required: 6 hours
Training: 2025-03-28 20:23:51,894-Speed 1227.72 samples/sec   Loss 11.7485   LearningRate 0.019994   Epoch: 0   Global Step: 2220   Fp16 Grad Scale: 262144   Required: 6 hours
Training: 2025-03-28 20:23:52,936-Speed 1228.62 samples/sec   Loss 11.7566   LearningRate 0.019994   Epoch: 0   Global Step: 2230   Fp16 Grad Scale: 524288   Required: 6 hours
Training: 2025-03-28 20:23:53,978-Speed 1229.35 samples/sec   Loss 11.7497   LearningRate 0.019994   Epoch: 0   Global Step: 2240   Fp16 Grad Scale: 524288   Required: 6 hours
Training: 2025-03-28 20:23:55,021-Speed 1228.99 samples/sec   Loss 11.6496   LearningRate 0.019994   Epoch: 0   Global Step: 2250   Fp16 Grad Scale: 524288   Required: 6 hours
Training: 2025-03-28 20:23:56,065-Speed 1227.25 samples/sec   Loss 11.6437   LearningRate 0.019994   Epoch: 0   Global Step: 2260   Fp16 Grad Scale: 524288   Required: 6 hours
Training: 2025-03-28 20:23:57,106-Speed 1230.63 samples/sec   Loss 11.5879   LearningRate 0.019994   Epoch: 0   Global Step: 2270   Fp16 Grad Scale: 524288   Required: 6 hours
Training: 2025-03-28 20:23:58,146-Speed 1230.05 samples/sec   Loss 11.4032   LearningRate 0.019994   Epoch: 0   Global Step: 2280   Fp16 Grad Scale: 524288   Required: 6 hours
Training: 2025-03-28 20:23:59,189-Speed 1229.09 samples/sec   Loss 11.7172   LearningRate 0.019994   Epoch: 0   Global Step: 2290   Fp16 Grad Scale: 524288   Required: 6 hours
Training: 2025-03-28 20:24:00,230-Speed 1229.47 samples/sec   Loss 11.9401   LearningRate 0.019994   Epoch: 0   Global Step: 2300   Fp16 Grad Scale: 524288   Required: 6 hours
Training: 2025-03-28 20:24:01,271-Speed 1230.16 samples/sec   Loss 11.5838   LearningRate 0.019994   Epoch: 0   Global Step: 2310   Fp16 Grad Scale: 524288   Required: 6 hours
Training: 2025-03-28 20:24:02,308-Speed 1235.53 samples/sec   Loss 11.7155   LearningRate 0.019994   Epoch: 0   Global Step: 2320   Fp16 Grad Scale: 262144   Required: 6 hours
Training: 2025-03-28 20:24:03,349-Speed 1230.67 samples/sec   Loss 11.5523   LearningRate 0.019993   Epoch: 0   Global Step: 2330   Fp16 Grad Scale: 262144   Required: 6 hours
Training: 2025-03-28 20:24:04,391-Speed 1228.92 samples/sec   Loss 11.4239   LearningRate 0.019993   Epoch: 0   Global Step: 2340   Fp16 Grad Scale: 262144   Required: 6 hours
Training: 2025-03-28 20:24:05,433-Speed 1228.05 samples/sec   Loss 11.5794   LearningRate 0.019993   Epoch: 0   Global Step: 2350   Fp16 Grad Scale: 262144   Required: 6 hours
Training: 2025-03-28 20:24:06,477-Speed 1227.00 samples/sec   Loss 11.3922   LearningRate 0.019993   Epoch: 0   Global Step: 2360   Fp16 Grad Scale: 262144   Required: 6 hours
Training: 2025-03-28 20:24:07,520-Speed 1228.10 samples/sec   Loss 11.4253   LearningRate 0.019993   Epoch: 0   Global Step: 2370   Fp16 Grad Scale: 262144   Required: 6 hours
Training: 2025-03-28 20:24:08,562-Speed 1229.48 samples/sec   Loss 11.2117   LearningRate 0.019993   Epoch: 0   Global Step: 2380   Fp16 Grad Scale: 262144   Required: 6 hours
Training: 2025-03-28 20:24:09,604-Speed 1229.41 samples/sec   Loss 11.6177   LearningRate 0.019993   Epoch: 0   Global Step: 2390   Fp16 Grad Scale: 262144   Required: 6 hours
Training: 2025-03-28 20:24:10,646-Speed 1229.49 samples/sec   Loss 11.2967   LearningRate 0.019993   Epoch: 0   Global Step: 2400   Fp16 Grad Scale: 262144   Required: 6 hours
Training: 2025-03-28 20:24:11,686-Speed 1230.40 samples/sec   Loss 11.3640   LearningRate 0.019993   Epoch: 0   Global Step: 2410   Fp16 Grad Scale: 262144   Required: 6 hours
Training: 2025-03-28 20:24:12,728-Speed 1230.07 samples/sec   Loss 11.3282   LearningRate 0.019993   Epoch: 0   Global Step: 2420   Fp16 Grad Scale: 524288   Required: 6 hours
Training: 2025-03-28 20:24:13,770-Speed 1228.20 samples/sec   Loss 11.4264   LearningRate 0.019993   Epoch: 0   Global Step: 2430   Fp16 Grad Scale: 524288   Required: 6 hours
Training: 2025-03-28 20:24:14,813-Speed 1229.16 samples/sec   Loss 11.2640   LearningRate 0.019993   Epoch: 0   Global Step: 2440   Fp16 Grad Scale: 524288   Required: 6 hours
Training: 2025-03-28 20:24:15,850-Speed 1233.28 samples/sec   Loss 11.2917   LearningRate 0.019993   Epoch: 0   Global Step: 2450   Fp16 Grad Scale: 262144   Required: 6 hours
Training: 2025-03-28 20:24:16,893-Speed 1228.83 samples/sec   Loss 11.2428   LearningRate 0.019993   Epoch: 0   Global Step: 2460   Fp16 Grad Scale: 262144   Required: 6 hours
Training: 2025-03-28 20:24:17,934-Speed 1229.26 samples/sec   Loss 11.0095   LearningRate 0.019993   Epoch: 0   Global Step: 2470   Fp16 Grad Scale: 262144   Required: 6 hours
Training: 2025-03-28 20:24:18,977-Speed 1228.09 samples/sec   Loss 11.1151   LearningRate 0.019993   Epoch: 0   Global Step: 2480   Fp16 Grad Scale: 262144   Required: 6 hours
Training: 2025-03-28 20:24:20,019-Speed 1228.93 samples/sec   Loss 11.1208   LearningRate 0.019993   Epoch: 0   Global Step: 2490   Fp16 Grad Scale: 262144   Required: 6 hours
Training: 2025-03-28 20:24:21,060-Speed 1229.33 samples/sec   Loss 11.4507   LearningRate 0.019992   Epoch: 0   Global Step: 2500   Fp16 Grad Scale: 262144   Required: 6 hours
Training: 2025-03-28 20:24:22,106-Speed 1227.45 samples/sec   Loss 10.9951   LearningRate 0.019992   Epoch: 0   Global Step: 2510   Fp16 Grad Scale: 262144   Required: 6 hours
Training: 2025-03-28 20:24:23,149-Speed 1227.59 samples/sec   Loss 11.1926   LearningRate 0.019992   Epoch: 0   Global Step: 2520   Fp16 Grad Scale: 262144   Required: 6 hours
Training: 2025-03-28 20:24:24,193-Speed 1226.79 samples/sec   Loss 11.0777   LearningRate 0.019992   Epoch: 0   Global Step: 2530   Fp16 Grad Scale: 262144   Required: 6 hours
Training: 2025-03-28 20:24:25,234-Speed 1229.48 samples/sec   Loss 11.2330   LearningRate 0.019992   Epoch: 0   Global Step: 2540   Fp16 Grad Scale: 262144   Required: 6 hours
Training: 2025-03-28 20:24:26,278-Speed 1226.57 samples/sec   Loss 11.1457   LearningRate 0.019992   Epoch: 0   Global Step: 2550   Fp16 Grad Scale: 524288   Required: 6 hours
Training: 2025-03-28 20:24:27,319-Speed 1228.67 samples/sec   Loss 11.3525   LearningRate 0.019992   Epoch: 0   Global Step: 2560   Fp16 Grad Scale: 524288   Required: 6 hours
Training: 2025-03-28 20:24:28,363-Speed 1228.22 samples/sec   Loss 10.8384   LearningRate 0.019992   Epoch: 0   Global Step: 2570   Fp16 Grad Scale: 524288   Required: 6 hours
Training: 2025-03-28 20:24:29,404-Speed 1229.61 samples/sec   Loss 11.0155   LearningRate 0.019992   Epoch: 0   Global Step: 2580   Fp16 Grad Scale: 524288   Required: 6 hours
Training: 2025-03-28 20:24:30,446-Speed 1229.38 samples/sec   Loss 10.9524   LearningRate 0.019992   Epoch: 0   Global Step: 2590   Fp16 Grad Scale: 524288   Required: 6 hours
Training: 2025-03-28 20:24:31,487-Speed 1228.78 samples/sec   Loss 10.8897   LearningRate 0.019992   Epoch: 0   Global Step: 2600   Fp16 Grad Scale: 524288   Required: 6 hours
Training: 2025-03-28 20:24:32,529-Speed 1229.49 samples/sec   Loss 10.7502   LearningRate 0.019992   Epoch: 0   Global Step: 2610   Fp16 Grad Scale: 524288   Required: 6 hours
Training: 2025-03-28 20:24:33,570-Speed 1231.26 samples/sec   Loss 10.8216   LearningRate 0.019992   Epoch: 0   Global Step: 2620   Fp16 Grad Scale: 524288   Required: 6 hours
Training: 2025-03-28 20:24:34,612-Speed 1229.60 samples/sec   Loss 10.9738   LearningRate 0.019992   Epoch: 0   Global Step: 2630   Fp16 Grad Scale: 524288   Required: 6 hours
Training: 2025-03-28 20:24:35,656-Speed 1227.26 samples/sec   Loss 10.7929   LearningRate 0.019992   Epoch: 0   Global Step: 2640   Fp16 Grad Scale: 524288   Required: 6 hours
Training: 2025-03-28 20:24:36,698-Speed 1229.74 samples/sec   Loss 10.8605   LearningRate 0.019992   Epoch: 0   Global Step: 2650   Fp16 Grad Scale: 1048576   Required: 6 hours
Training: 2025-03-28 20:24:37,738-Speed 1231.09 samples/sec   Loss 10.7762   LearningRate 0.019991   Epoch: 0   Global Step: 2660   Fp16 Grad Scale: 524288   Required: 6 hours
Training: 2025-03-28 20:24:38,779-Speed 1229.65 samples/sec   Loss 10.8265   LearningRate 0.019991   Epoch: 0   Global Step: 2670   Fp16 Grad Scale: 524288   Required: 6 hours
Training: 2025-03-28 20:24:39,821-Speed 1229.01 samples/sec   Loss 10.8356   LearningRate 0.019991   Epoch: 0   Global Step: 2680   Fp16 Grad Scale: 524288   Required: 6 hours
Training: 2025-03-28 20:24:40,866-Speed 1224.61 samples/sec   Loss 10.5661   LearningRate 0.019991   Epoch: 0   Global Step: 2690   Fp16 Grad Scale: 524288   Required: 6 hours
Training: 2025-03-28 20:24:41,927-Speed 1208.24 samples/sec   Loss 10.6895   LearningRate 0.019991   Epoch: 0   Global Step: 2700   Fp16 Grad Scale: 524288   Required: 6 hours
Training: 2025-03-28 20:24:42,976-Speed 1219.99 samples/sec   Loss 10.8198   LearningRate 0.019991   Epoch: 0   Global Step: 2710   Fp16 Grad Scale: 524288   Required: 6 hours
Training: 2025-03-28 20:24:44,021-Speed 1225.49 samples/sec   Loss 10.7710   LearningRate 0.019991   Epoch: 0   Global Step: 2720   Fp16 Grad Scale: 524288   Required: 6 hours
Training: 2025-03-28 20:24:45,071-Speed 1220.37 samples/sec   Loss 10.7596   LearningRate 0.019991   Epoch: 0   Global Step: 2730   Fp16 Grad Scale: 524288   Required: 6 hours
Training: 2025-03-28 20:24:46,137-Speed 1202.65 samples/sec   Loss 10.4796   LearningRate 0.019991   Epoch: 0   Global Step: 2740   Fp16 Grad Scale: 262144   Required: 6 hours
Training: 2025-03-28 20:24:47,184-Speed 1223.25 samples/sec   Loss 10.6117   LearningRate 0.019991   Epoch: 0   Global Step: 2750   Fp16 Grad Scale: 262144   Required: 6 hours
Training: 2025-03-28 20:24:48,236-Speed 1217.94 samples/sec   Loss 10.1672   LearningRate 0.019991   Epoch: 0   Global Step: 2760   Fp16 Grad Scale: 262144   Required: 6 hours
Training: 2025-03-28 20:24:49,283-Speed 1223.52 samples/sec   Loss 10.7561   LearningRate 0.019991   Epoch: 0   Global Step: 2770   Fp16 Grad Scale: 262144   Required: 6 hours
Training: 2025-03-28 20:24:50,324-Speed 1230.56 samples/sec   Loss 10.6396   LearningRate 0.019991   Epoch: 0   Global Step: 2780   Fp16 Grad Scale: 262144   Required: 6 hours
Training: 2025-03-28 20:24:51,367-Speed 1227.37 samples/sec   Loss 10.6474   LearningRate 0.019991   Epoch: 0   Global Step: 2790   Fp16 Grad Scale: 262144   Required: 6 hours
Training: 2025-03-28 20:24:52,409-Speed 1229.03 samples/sec   Loss 10.4812   LearningRate 0.019991   Epoch: 0   Global Step: 2800   Fp16 Grad Scale: 262144   Required: 6 hours
Training: 2025-03-28 20:24:53,451-Speed 1229.36 samples/sec   Loss 10.3091   LearningRate 0.019990   Epoch: 0   Global Step: 2810   Fp16 Grad Scale: 262144   Required: 6 hours
Training: 2025-03-28 20:24:54,493-Speed 1228.87 samples/sec   Loss 10.4994   LearningRate 0.019990   Epoch: 0   Global Step: 2820   Fp16 Grad Scale: 262144   Required: 6 hours
Training: 2025-03-28 20:24:55,537-Speed 1227.90 samples/sec   Loss 10.6119   LearningRate 0.019990   Epoch: 0   Global Step: 2830   Fp16 Grad Scale: 262144   Required: 6 hours
Training: 2025-03-28 20:24:56,606-Speed 1197.79 samples/sec   Loss 10.4210   LearningRate 0.019990   Epoch: 0   Global Step: 2840   Fp16 Grad Scale: 524288   Required: 6 hours
Training: 2025-03-28 20:24:57,660-Speed 1215.54 samples/sec   Loss 10.2730   LearningRate 0.019990   Epoch: 0   Global Step: 2850   Fp16 Grad Scale: 524288   Required: 6 hours
Training: 2025-03-28 20:24:58,717-Speed 1211.77 samples/sec   Loss 10.1651   LearningRate 0.019990   Epoch: 0   Global Step: 2860   Fp16 Grad Scale: 524288   Required: 6 hours
Training: 2025-03-28 20:24:59,761-Speed 1227.28 samples/sec   Loss 10.2938   LearningRate 0.019990   Epoch: 0   Global Step: 2870   Fp16 Grad Scale: 524288   Required: 6 hours
Training: 2025-03-28 20:25:00,805-Speed 1227.14 samples/sec   Loss 10.4054   LearningRate 0.019990   Epoch: 0   Global Step: 2880   Fp16 Grad Scale: 524288   Required: 6 hours
Training: 2025-03-28 20:25:01,848-Speed 1228.43 samples/sec   Loss 10.1013   LearningRate 0.019990   Epoch: 0   Global Step: 2890   Fp16 Grad Scale: 524288   Required: 6 hours
Training: 2025-03-28 20:25:02,890-Speed 1229.51 samples/sec   Loss 10.2102   LearningRate 0.019990   Epoch: 0   Global Step: 2900   Fp16 Grad Scale: 524288   Required: 6 hours
Training: 2025-03-28 20:25:03,933-Speed 1227.28 samples/sec   Loss 10.2129   LearningRate 0.019990   Epoch: 0   Global Step: 2910   Fp16 Grad Scale: 524288   Required: 6 hours
Training: 2025-03-28 20:25:04,978-Speed 1226.90 samples/sec   Loss 10.4064   LearningRate 0.019990   Epoch: 0   Global Step: 2920   Fp16 Grad Scale: 524288   Required: 6 hours
Training: 2025-03-28 20:25:06,021-Speed 1228.45 samples/sec   Loss 10.3183   LearningRate 0.019990   Epoch: 0   Global Step: 2930   Fp16 Grad Scale: 524288   Required: 6 hours
Training: 2025-03-28 20:25:07,066-Speed 1224.53 samples/sec   Loss 10.1802   LearningRate 0.019990   Epoch: 0   Global Step: 2940   Fp16 Grad Scale: 524288   Required: 6 hours
Training: 2025-03-28 20:25:08,152-Speed 1179.82 samples/sec   Loss 9.9578   LearningRate 0.019990   Epoch: 0   Global Step: 2950   Fp16 Grad Scale: 524288   Required: 6 hours
Training: 2025-03-28 20:25:09,201-Speed 1219.39 samples/sec   Loss 10.0338   LearningRate 0.019989   Epoch: 0   Global Step: 2960   Fp16 Grad Scale: 524288   Required: 6 hours
Training: 2025-03-28 20:25:10,248-Speed 1224.97 samples/sec   Loss 9.9579   LearningRate 0.019989   Epoch: 0   Global Step: 2970   Fp16 Grad Scale: 524288   Required: 6 hours
Training: 2025-03-28 20:25:11,291-Speed 1226.71 samples/sec   Loss 9.9958   LearningRate 0.019989   Epoch: 0   Global Step: 2980   Fp16 Grad Scale: 524288   Required: 6 hours
Training: 2025-03-28 20:25:12,337-Speed 1223.73 samples/sec   Loss 9.9888   LearningRate 0.019989   Epoch: 0   Global Step: 2990   Fp16 Grad Scale: 524288   Required: 6 hours
Training: 2025-03-28 20:25:13,386-Speed 1220.63 samples/sec   Loss 9.9375   LearningRate 0.019989   Epoch: 0   Global Step: 3000   Fp16 Grad Scale: 524288   Required: 6 hours
Training: 2025-03-28 20:25:14,434-Speed 1222.75 samples/sec   Loss 10.0542   LearningRate 0.019989   Epoch: 0   Global Step: 3010   Fp16 Grad Scale: 524288   Required: 6 hours
Training: 2025-03-28 20:25:15,484-Speed 1219.02 samples/sec   Loss 10.0688   LearningRate 0.019989   Epoch: 0   Global Step: 3020   Fp16 Grad Scale: 524288   Required: 6 hours
Training: 2025-03-28 20:25:16,527-Speed 1227.67 samples/sec   Loss 10.1543   LearningRate 0.019989   Epoch: 0   Global Step: 3030   Fp16 Grad Scale: 524288   Required: 6 hours
Training: 2025-03-28 20:25:17,571-Speed 1228.00 samples/sec   Loss 9.8495   LearningRate 0.019989   Epoch: 0   Global Step: 3040   Fp16 Grad Scale: 262144   Required: 6 hours
Training: 2025-03-28 20:25:18,654-Speed 1183.50 samples/sec   Loss 9.8280   LearningRate 0.019989   Epoch: 0   Global Step: 3050   Fp16 Grad Scale: 262144   Required: 6 hours
Training: 2025-03-28 20:25:19,705-Speed 1217.79 samples/sec   Loss 9.9424   LearningRate 0.019989   Epoch: 0   Global Step: 3060   Fp16 Grad Scale: 262144   Required: 6 hours
Training: 2025-03-28 20:25:20,751-Speed 1223.60 samples/sec   Loss 10.1136   LearningRate 0.019989   Epoch: 0   Global Step: 3070   Fp16 Grad Scale: 262144   Required: 6 hours
Training: 2025-03-28 20:25:21,798-Speed 1223.61 samples/sec   Loss 9.5884   LearningRate 0.019989   Epoch: 0   Global Step: 3080   Fp16 Grad Scale: 262144   Required: 6 hours
Training: 2025-03-28 20:25:22,841-Speed 1226.46 samples/sec   Loss 10.0581   LearningRate 0.019988   Epoch: 0   Global Step: 3090   Fp16 Grad Scale: 262144   Required: 6 hours
Training: 2025-03-28 20:25:23,886-Speed 1226.38 samples/sec   Loss 9.8853   LearningRate 0.019988   Epoch: 0   Global Step: 3100   Fp16 Grad Scale: 262144   Required: 6 hours
Training: 2025-03-28 20:25:24,929-Speed 1227.08 samples/sec   Loss 9.7017   LearningRate 0.019988   Epoch: 0   Global Step: 3110   Fp16 Grad Scale: 262144   Required: 6 hours
Training: 2025-03-28 20:25:25,976-Speed 1226.33 samples/sec   Loss 9.9232   LearningRate 0.019988   Epoch: 0   Global Step: 3120   Fp16 Grad Scale: 262144   Required: 6 hours
Training: 2025-03-28 20:25:27,027-Speed 1217.73 samples/sec   Loss 9.7409   LearningRate 0.019988   Epoch: 0   Global Step: 3130   Fp16 Grad Scale: 262144   Required: 6 hours
Training: 2025-03-28 20:25:28,074-Speed 1223.49 samples/sec   Loss 9.5583   LearningRate 0.019988   Epoch: 0   Global Step: 3140   Fp16 Grad Scale: 524288   Required: 6 hours
Training: 2025-03-28 20:25:29,121-Speed 1222.15 samples/sec   Loss 9.8234   LearningRate 0.019988   Epoch: 0   Global Step: 3150   Fp16 Grad Scale: 524288   Required: 6 hours
Training: 2025-03-28 20:25:30,239-Speed 1146.37 samples/sec   Loss 9.5867   LearningRate 0.019988   Epoch: 0   Global Step: 3160   Fp16 Grad Scale: 524288   Required: 6 hours
Training: 2025-03-28 20:25:31,299-Speed 1207.80 samples/sec   Loss 9.5915   LearningRate 0.019988   Epoch: 0   Global Step: 3170   Fp16 Grad Scale: 524288   Required: 6 hours
Training: 2025-03-28 20:25:32,345-Speed 1224.13 samples/sec   Loss 9.5789   LearningRate 0.019988   Epoch: 0   Global Step: 3180   Fp16 Grad Scale: 524288   Required: 6 hours
Training: 2025-03-28 20:25:33,391-Speed 1226.32 samples/sec   Loss 9.5324   LearningRate 0.019988   Epoch: 0   Global Step: 3190   Fp16 Grad Scale: 524288   Required: 6 hours
Training: 2025-03-28 20:25:34,433-Speed 1228.94 samples/sec   Loss 9.6929   LearningRate 0.019988   Epoch: 0   Global Step: 3200   Fp16 Grad Scale: 524288   Required: 6 hours
Training: 2025-03-28 20:25:35,470-Speed 1234.79 samples/sec   Loss 9.4115   LearningRate 0.019988   Epoch: 0   Global Step: 3210   Fp16 Grad Scale: 262144   Required: 6 hours
Training: 2025-03-28 20:25:36,512-Speed 1230.36 samples/sec   Loss 9.7259   LearningRate 0.019988   Epoch: 0   Global Step: 3220   Fp16 Grad Scale: 262144   Required: 6 hours
Training: 2025-03-28 20:25:37,554-Speed 1228.37 samples/sec   Loss 9.7087   LearningRate 0.019987   Epoch: 0   Global Step: 3230   Fp16 Grad Scale: 262144   Required: 6 hours
Training: 2025-03-28 20:25:38,608-Speed 1214.40 samples/sec   Loss 9.5217   LearningRate 0.019987   Epoch: 0   Global Step: 3240   Fp16 Grad Scale: 262144   Required: 6 hours
Training: 2025-03-28 20:25:39,651-Speed 1226.50 samples/sec   Loss 9.6277   LearningRate 0.019987   Epoch: 0   Global Step: 3250   Fp16 Grad Scale: 262144   Required: 6 hours
Training: 2025-03-28 20:25:40,723-Speed 1196.14 samples/sec   Loss 9.4014   LearningRate 0.019987   Epoch: 0   Global Step: 3260   Fp16 Grad Scale: 262144   Required: 6 hours
Training: 2025-03-28 20:25:41,775-Speed 1216.76 samples/sec   Loss 9.4692   LearningRate 0.019987   Epoch: 0   Global Step: 3270   Fp16 Grad Scale: 262144   Required: 6 hours
Training: 2025-03-28 20:25:42,831-Speed 1212.67 samples/sec   Loss 9.6597   LearningRate 0.019987   Epoch: 0   Global Step: 3280   Fp16 Grad Scale: 262144   Required: 6 hours
Training: 2025-03-28 20:25:43,880-Speed 1220.64 samples/sec   Loss 9.2303   LearningRate 0.019987   Epoch: 0   Global Step: 3290   Fp16 Grad Scale: 262144   Required: 6 hours
Training: 2025-03-28 20:25:44,920-Speed 1231.05 samples/sec   Loss 9.5149   LearningRate 0.019987   Epoch: 0   Global Step: 3300   Fp16 Grad Scale: 262144   Required: 6 hours
Training: 2025-03-28 20:25:45,961-Speed 1229.53 samples/sec   Loss 9.2413   LearningRate 0.019987   Epoch: 0   Global Step: 3310   Fp16 Grad Scale: 524288   Required: 6 hours
Training: 2025-03-28 20:25:47,009-Speed 1223.43 samples/sec   Loss 9.2734   LearningRate 0.019987   Epoch: 0   Global Step: 3320   Fp16 Grad Scale: 524288   Required: 6 hours
Training: 2025-03-28 20:25:48,046-Speed 1235.16 samples/sec   Loss 9.3107   LearningRate 0.019987   Epoch: 0   Global Step: 3330   Fp16 Grad Scale: 262144   Required: 6 hours
Training: 2025-03-28 20:25:49,094-Speed 1223.88 samples/sec   Loss 9.3253   LearningRate 0.019987   Epoch: 0   Global Step: 3340   Fp16 Grad Scale: 262144   Required: 6 hours
Training: 2025-03-28 20:25:50,141-Speed 1224.14 samples/sec   Loss 9.5581   LearningRate 0.019986   Epoch: 0   Global Step: 3350   Fp16 Grad Scale: 262144   Required: 6 hours
Training: 2025-03-28 20:25:51,234-Speed 1173.39 samples/sec   Loss 9.0458   LearningRate 0.019986   Epoch: 0   Global Step: 3360   Fp16 Grad Scale: 262144   Required: 6 hours
Training: 2025-03-28 20:25:52,282-Speed 1221.06 samples/sec   Loss 9.4692   LearningRate 0.019986   Epoch: 0   Global Step: 3370   Fp16 Grad Scale: 262144   Required: 6 hours
Training: 2025-03-28 20:25:53,324-Speed 1228.49 samples/sec   Loss 9.2760   LearningRate 0.019986   Epoch: 0   Global Step: 3380   Fp16 Grad Scale: 262144   Required: 6 hours
Training: 2025-03-28 20:25:54,367-Speed 1228.33 samples/sec   Loss 9.4252   LearningRate 0.019986   Epoch: 0   Global Step: 3390   Fp16 Grad Scale: 262144   Required: 6 hours
Training: 2025-03-28 20:25:55,410-Speed 1227.85 samples/sec   Loss 8.9510   LearningRate 0.019986   Epoch: 0   Global Step: 3400   Fp16 Grad Scale: 262144   Required: 6 hours
Training: 2025-03-28 20:25:56,451-Speed 1229.71 samples/sec   Loss 9.1043   LearningRate 0.019986   Epoch: 0   Global Step: 3410   Fp16 Grad Scale: 262144   Required: 6 hours
Training: 2025-03-28 20:25:57,494-Speed 1228.13 samples/sec   Loss 9.2613   LearningRate 0.019986   Epoch: 0   Global Step: 3420   Fp16 Grad Scale: 262144   Required: 6 hours
Training: 2025-03-28 20:25:58,538-Speed 1227.45 samples/sec   Loss 9.1512   LearningRate 0.019986   Epoch: 0   Global Step: 3430   Fp16 Grad Scale: 524288   Required: 6 hours
Training: 2025-03-28 20:25:59,586-Speed 1222.18 samples/sec   Loss 8.7848   LearningRate 0.019986   Epoch: 0   Global Step: 3440   Fp16 Grad Scale: 524288   Required: 6 hours
Training: 2025-03-28 20:26:00,628-Speed 1228.26 samples/sec   Loss 9.0779   LearningRate 0.019986   Epoch: 0   Global Step: 3450   Fp16 Grad Scale: 524288   Required: 6 hours
Training: 2025-03-28 20:26:01,692-Speed 1204.33 samples/sec   Loss 9.0214   LearningRate 0.019986   Epoch: 0   Global Step: 3460   Fp16 Grad Scale: 524288   Required: 6 hours
Training: 2025-03-28 20:26:02,742-Speed 1221.44 samples/sec   Loss 9.0847   LearningRate 0.019985   Epoch: 0   Global Step: 3470   Fp16 Grad Scale: 524288   Required: 6 hours
Training: 2025-03-28 20:26:03,781-Speed 1233.63 samples/sec   Loss 9.0463   LearningRate 0.019985   Epoch: 0   Global Step: 3480   Fp16 Grad Scale: 262144   Required: 6 hours
Training: 2025-03-28 20:26:04,822-Speed 1229.98 samples/sec   Loss 9.1924   LearningRate 0.019985   Epoch: 0   Global Step: 3490   Fp16 Grad Scale: 262144   Required: 6 hours
Training: 2025-03-28 20:26:05,864-Speed 1228.86 samples/sec   Loss 9.1975   LearningRate 0.019985   Epoch: 0   Global Step: 3500   Fp16 Grad Scale: 262144   Required: 6 hours
Training: 2025-03-28 20:26:06,907-Speed 1227.69 samples/sec   Loss 9.0955   LearningRate 0.019985   Epoch: 0   Global Step: 3510   Fp16 Grad Scale: 262144   Required: 6 hours
Training: 2025-03-28 20:26:07,954-Speed 1222.89 samples/sec   Loss 8.9983   LearningRate 0.019985   Epoch: 0   Global Step: 3520   Fp16 Grad Scale: 262144   Required: 6 hours
Training: 2025-03-28 20:26:08,996-Speed 1229.83 samples/sec   Loss 9.1034   LearningRate 0.019985   Epoch: 0   Global Step: 3530   Fp16 Grad Scale: 262144   Required: 6 hours
Training: 2025-03-28 20:26:10,047-Speed 1217.86 samples/sec   Loss 8.8220   LearningRate 0.019985   Epoch: 0   Global Step: 3540   Fp16 Grad Scale: 262144   Required: 6 hours
Training: 2025-03-28 20:26:11,092-Speed 1226.67 samples/sec   Loss 9.2239   LearningRate 0.019985   Epoch: 0   Global Step: 3550   Fp16 Grad Scale: 262144   Required: 6 hours
Training: 2025-03-28 20:26:12,134-Speed 1229.60 samples/sec   Loss 9.0211   LearningRate 0.019985   Epoch: 0   Global Step: 3560   Fp16 Grad Scale: 262144   Required: 6 hours
Training: 2025-03-28 20:26:13,203-Speed 1197.78 samples/sec   Loss 8.7856   LearningRate 0.019985   Epoch: 0   Global Step: 3570   Fp16 Grad Scale: 262144   Required: 6 hours
Training: 2025-03-28 20:26:14,253-Speed 1219.35 samples/sec   Loss 8.8983   LearningRate 0.019985   Epoch: 0   Global Step: 3580   Fp16 Grad Scale: 524288   Required: 6 hours
Training: 2025-03-28 20:26:15,304-Speed 1218.57 samples/sec   Loss 8.7272   LearningRate 0.019984   Epoch: 0   Global Step: 3590   Fp16 Grad Scale: 524288   Required: 6 hours
Training: 2025-03-28 20:26:16,349-Speed 1225.83 samples/sec   Loss 8.6609   LearningRate 0.019984   Epoch: 0   Global Step: 3600   Fp16 Grad Scale: 524288   Required: 6 hours
Training: 2025-03-28 20:26:17,391-Speed 1229.82 samples/sec   Loss 8.8085   LearningRate 0.019984   Epoch: 0   Global Step: 3610   Fp16 Grad Scale: 524288   Required: 6 hours
Training: 2025-03-28 20:26:18,440-Speed 1221.76 samples/sec   Loss 8.8579   LearningRate 0.019984   Epoch: 0   Global Step: 3620   Fp16 Grad Scale: 524288   Required: 6 hours
Training: 2025-03-28 20:26:19,482-Speed 1229.79 samples/sec   Loss 8.5570   LearningRate 0.019984   Epoch: 0   Global Step: 3630   Fp16 Grad Scale: 524288   Required: 6 hours
Training: 2025-03-28 20:26:20,531-Speed 1219.59 samples/sec   Loss 9.0344   LearningRate 0.019984   Epoch: 0   Global Step: 3640   Fp16 Grad Scale: 524288   Required: 6 hours
Training: 2025-03-28 20:26:21,571-Speed 1231.63 samples/sec   Loss 8.8252   LearningRate 0.019984   Epoch: 0   Global Step: 3650   Fp16 Grad Scale: 262144   Required: 6 hours
Training: 2025-03-28 20:26:22,612-Speed 1228.75 samples/sec   Loss 8.6873   LearningRate 0.019984   Epoch: 0   Global Step: 3660   Fp16 Grad Scale: 262144   Required: 6 hours
Training: 2025-03-28 20:26:23,699-Speed 1179.23 samples/sec   Loss 8.4308   LearningRate 0.019984   Epoch: 0   Global Step: 3670   Fp16 Grad Scale: 262144   Required: 6 hours
Training: 2025-03-28 20:26:24,747-Speed 1222.19 samples/sec   Loss 9.0054   LearningRate 0.019984   Epoch: 0   Global Step: 3680   Fp16 Grad Scale: 262144   Required: 6 hours
Training: 2025-03-28 20:26:25,799-Speed 1217.40 samples/sec   Loss 8.7201   LearningRate 0.019984   Epoch: 0   Global Step: 3690   Fp16 Grad Scale: 262144   Required: 6 hours
Training: 2025-03-28 20:26:26,845-Speed 1223.35 samples/sec   Loss 8.5911   LearningRate 0.019984   Epoch: 0   Global Step: 3700   Fp16 Grad Scale: 262144   Required: 6 hours
Training: 2025-03-28 20:26:27,886-Speed 1229.26 samples/sec   Loss 8.4181   LearningRate 0.019983   Epoch: 0   Global Step: 3710   Fp16 Grad Scale: 262144   Required: 6 hours
Training: 2025-03-28 20:26:28,933-Speed 1224.52 samples/sec   Loss 8.5740   LearningRate 0.019983   Epoch: 0   Global Step: 3720   Fp16 Grad Scale: 262144   Required: 6 hours
Training: 2025-03-28 20:26:29,985-Speed 1217.64 samples/sec   Loss 8.7393   LearningRate 0.019983   Epoch: 0   Global Step: 3730   Fp16 Grad Scale: 262144   Required: 6 hours
Training: 2025-03-28 20:26:31,041-Speed 1211.40 samples/sec   Loss 8.3724   LearningRate 0.019983   Epoch: 0   Global Step: 3740   Fp16 Grad Scale: 262144   Required: 6 hours
Training: 2025-03-28 20:26:32,090-Speed 1222.10 samples/sec   Loss 8.8148   LearningRate 0.019983   Epoch: 0   Global Step: 3750   Fp16 Grad Scale: 524288   Required: 6 hours
Training: 2025-03-28 20:26:33,132-Speed 1228.20 samples/sec   Loss 8.4223   LearningRate 0.019983   Epoch: 0   Global Step: 3760   Fp16 Grad Scale: 524288   Required: 6 hours
Training: 2025-03-28 20:26:34,182-Speed 1219.84 samples/sec   Loss 8.5470   LearningRate 0.019983   Epoch: 0   Global Step: 3770   Fp16 Grad Scale: 524288   Required: 6 hours
Training: 2025-03-28 20:26:35,264-Speed 1183.53 samples/sec   Loss 8.6331   LearningRate 0.019983   Epoch: 0   Global Step: 3780   Fp16 Grad Scale: 262144   Required: 6 hours
Training: 2025-03-28 20:26:36,322-Speed 1209.84 samples/sec   Loss 8.2674   LearningRate 0.019983   Epoch: 0   Global Step: 3790   Fp16 Grad Scale: 262144   Required: 6 hours
Training: 2025-03-28 20:26:37,364-Speed 1230.49 samples/sec   Loss 8.5184   LearningRate 0.019983   Epoch: 0   Global Step: 3800   Fp16 Grad Scale: 262144   Required: 6 hours
Training: 2025-03-28 20:26:38,406-Speed 1229.92 samples/sec   Loss 8.7111   LearningRate 0.019983   Epoch: 0   Global Step: 3810   Fp16 Grad Scale: 262144   Required: 6 hours
Training: 2025-03-28 20:26:39,450-Speed 1226.00 samples/sec   Loss 8.3807   LearningRate 0.019982   Epoch: 0   Global Step: 3820   Fp16 Grad Scale: 262144   Required: 6 hours
Training: 2025-03-28 20:26:40,490-Speed 1230.21 samples/sec   Loss 8.5263   LearningRate 0.019982   Epoch: 0   Global Step: 3830   Fp16 Grad Scale: 262144   Required: 6 hours
Training: 2025-03-28 20:26:41,532-Speed 1228.62 samples/sec   Loss 8.4025   LearningRate 0.019982   Epoch: 0   Global Step: 3840   Fp16 Grad Scale: 262144   Required: 6 hours
Training: 2025-03-28 20:26:42,578-Speed 1225.13 samples/sec   Loss 8.3483   LearningRate 0.019982   Epoch: 0   Global Step: 3850   Fp16 Grad Scale: 262144   Required: 6 hours
Training: 2025-03-28 20:26:43,654-Speed 1196.15 samples/sec   Loss 8.4129   LearningRate 0.019982   Epoch: 0   Global Step: 3860   Fp16 Grad Scale: 262144   Required: 6 hours
Training: 2025-03-28 20:26:44,836-Speed 1083.27 samples/sec   Loss 8.5122   LearningRate 0.019982   Epoch: 0   Global Step: 3870   Fp16 Grad Scale: 262144   Required: 6 hours
Training: 2025-03-28 20:26:46,156-Speed 969.77 samples/sec   Loss 8.3005   LearningRate 0.019982   Epoch: 0   Global Step: 3880   Fp16 Grad Scale: 524288   Required: 6 hours
Training: 2025-03-28 20:26:47,617-Speed 876.63 samples/sec   Loss 8.3652   LearningRate 0.019982   Epoch: 0   Global Step: 3890   Fp16 Grad Scale: 262144   Required: 6 hours
Training: 2025-03-28 20:26:48,778-Speed 1104.28 samples/sec   Loss 8.3733   LearningRate 0.019982   Epoch: 0   Global Step: 3900   Fp16 Grad Scale: 262144   Required: 6 hours
Training: 2025-03-28 20:26:49,826-Speed 1220.65 samples/sec   Loss 8.0496   LearningRate 0.019982   Epoch: 0   Global Step: 3910   Fp16 Grad Scale: 262144   Required: 6 hours
Training: 2025-03-28 20:26:50,878-Speed 1218.19 samples/sec   Loss 8.1392   LearningRate 0.019981   Epoch: 0   Global Step: 3920   Fp16 Grad Scale: 262144   Required: 6 hours
Training: 2025-03-28 20:26:51,927-Speed 1221.12 samples/sec   Loss 8.1989   LearningRate 0.019981   Epoch: 0   Global Step: 3930   Fp16 Grad Scale: 262144   Required: 6 hours
Training: 2025-03-28 20:26:52,972-Speed 1224.76 samples/sec   Loss 8.3975   LearningRate 0.019981   Epoch: 0   Global Step: 3940   Fp16 Grad Scale: 262144   Required: 6 hours
Training: 2025-03-28 20:26:54,017-Speed 1227.88 samples/sec   Loss 8.1372   LearningRate 0.019981   Epoch: 0   Global Step: 3950   Fp16 Grad Scale: 262144   Required: 6 hours
Training: 2025-03-28 20:26:55,060-Speed 1226.89 samples/sec   Loss 8.0289   LearningRate 0.019981   Epoch: 0   Global Step: 3960   Fp16 Grad Scale: 262144   Required: 6 hours
Training: 2025-03-28 20:26:56,104-Speed 1227.01 samples/sec   Loss 8.2762   LearningRate 0.019981   Epoch: 0   Global Step: 3970   Fp16 Grad Scale: 262144   Required: 6 hours
Training: 2025-03-28 20:26:57,152-Speed 1223.21 samples/sec   Loss 8.1291   LearningRate 0.019981   Epoch: 0   Global Step: 3980   Fp16 Grad Scale: 262144   Required: 6 hours
Training: 2025-03-28 20:26:58,233-Speed 1183.40 samples/sec   Loss 8.1926   LearningRate 0.019981   Epoch: 0   Global Step: 3990   Fp16 Grad Scale: 524288   Required: 6 hours
Training: 2025-03-28 20:26:59,273-Speed 1230.51 samples/sec   Loss 8.1537   LearningRate 0.019981   Epoch: 0   Global Step: 4000   Fp16 Grad Scale: 262144   Required: 6 hours
Training: 2025-03-28 20:27:00,325-Speed 1217.49 samples/sec   Loss 7.9237   LearningRate 0.019981   Epoch: 0   Global Step: 4010   Fp16 Grad Scale: 262144   Required: 6 hours
Training: 2025-03-28 20:27:01,374-Speed 1221.51 samples/sec   Loss 7.7720   LearningRate 0.019981   Epoch: 0   Global Step: 4020   Fp16 Grad Scale: 262144   Required: 6 hours
Training: 2025-03-28 20:27:02,418-Speed 1228.24 samples/sec   Loss 7.8506   LearningRate 0.019980   Epoch: 0   Global Step: 4030   Fp16 Grad Scale: 262144   Required: 6 hours
Training: 2025-03-28 20:27:03,472-Speed 1215.36 samples/sec   Loss 8.1622   LearningRate 0.019980   Epoch: 0   Global Step: 4040   Fp16 Grad Scale: 262144   Required: 6 hours
Training: 2025-03-28 20:27:04,521-Speed 1219.82 samples/sec   Loss 8.0260   LearningRate 0.019980   Epoch: 0   Global Step: 4050   Fp16 Grad Scale: 262144   Required: 6 hours
Training: 2025-03-28 20:27:05,568-Speed 1225.47 samples/sec   Loss 8.0215   LearningRate 0.019980   Epoch: 0   Global Step: 4060   Fp16 Grad Scale: 262144   Required: 6 hours
Training: 2025-03-28 20:27:06,614-Speed 1224.96 samples/sec   Loss 8.0225   LearningRate 0.019980   Epoch: 0   Global Step: 4070   Fp16 Grad Scale: 262144   Required: 6 hours
Training: 2025-03-28 20:27:07,723-Speed 1153.58 samples/sec   Loss 8.0795   LearningRate 0.019980   Epoch: 0   Global Step: 4080   Fp16 Grad Scale: 262144   Required: 6 hours
Training: 2025-03-28 20:27:08,860-Speed 1127.07 samples/sec   Loss 7.8854   LearningRate 0.019980   Epoch: 0   Global Step: 4090   Fp16 Grad Scale: 262144   Required: 6 hours
Training: 2025-03-28 20:27:09,943-Speed 1181.76 samples/sec   Loss 7.9240   LearningRate 0.019980   Epoch: 0   Global Step: 4100   Fp16 Grad Scale: 524288   Required: 6 hours
Training: 2025-03-28 20:27:11,002-Speed 1209.32 samples/sec   Loss 7.7396   LearningRate 0.019980   Epoch: 0   Global Step: 4110   Fp16 Grad Scale: 524288   Required: 6 hours
Training: 2025-03-28 20:27:12,063-Speed 1208.74 samples/sec   Loss 7.7070   LearningRate 0.019980   Epoch: 0   Global Step: 4120   Fp16 Grad Scale: 524288   Required: 6 hours
Training: 2025-03-28 20:27:13,136-Speed 1192.72 samples/sec   Loss 7.8853   LearningRate 0.019979   Epoch: 0   Global Step: 4130   Fp16 Grad Scale: 524288   Required: 6 hours
Training: 2025-03-28 20:27:14,225-Speed 1176.58 samples/sec   Loss 7.9787   LearningRate 0.019979   Epoch: 0   Global Step: 4140   Fp16 Grad Scale: 524288   Required: 6 hours
Training: 2025-03-28 20:27:15,351-Speed 1137.78 samples/sec   Loss 7.6813   LearningRate 0.019979   Epoch: 0   Global Step: 4150   Fp16 Grad Scale: 524288   Required: 6 hours
Training: 2025-03-28 20:27:16,457-Speed 1157.97 samples/sec   Loss 7.6508   LearningRate 0.019979   Epoch: 0   Global Step: 4160   Fp16 Grad Scale: 524288   Required: 6 hours
Training: 2025-03-28 20:27:17,566-Speed 1155.38 samples/sec   Loss 7.7795   LearningRate 0.019979   Epoch: 0   Global Step: 4170   Fp16 Grad Scale: 524288   Required: 6 hours
Training: 2025-03-28 20:27:18,669-Speed 1160.38 samples/sec   Loss 7.6510   LearningRate 0.019979   Epoch: 0   Global Step: 4180   Fp16 Grad Scale: 524288   Required: 6 hours
Training: 2025-03-28 20:27:19,731-Speed 1206.91 samples/sec   Loss 7.9825   LearningRate 0.019979   Epoch: 0   Global Step: 4190   Fp16 Grad Scale: 524288   Required: 6 hours
Training: 2025-03-28 20:27:20,796-Speed 1202.46 samples/sec   Loss 7.7510   LearningRate 0.019979   Epoch: 0   Global Step: 4200   Fp16 Grad Scale: 1048576   Required: 6 hours
Training: 2025-03-28 20:27:21,843-Speed 1222.43 samples/sec   Loss 7.7169   LearningRate 0.019979   Epoch: 0   Global Step: 4210   Fp16 Grad Scale: 524288   Required: 6 hours
Training: 2025-03-28 20:27:22,907-Speed 1204.01 samples/sec   Loss 7.5960   LearningRate 0.019979   Epoch: 0   Global Step: 4220   Fp16 Grad Scale: 524288   Required: 6 hours
Training: 2025-03-28 20:27:23,966-Speed 1209.79 samples/sec   Loss 7.7243   LearningRate 0.019978   Epoch: 0   Global Step: 4230   Fp16 Grad Scale: 524288   Required: 6 hours
Training: 2025-03-28 20:27:25,060-Speed 1171.65 samples/sec   Loss 7.5923   LearningRate 0.019978   Epoch: 0   Global Step: 4240   Fp16 Grad Scale: 524288   Required: 6 hours
Training: 2025-03-28 20:27:26,126-Speed 1201.36 samples/sec   Loss 7.6819   LearningRate 0.019978   Epoch: 0   Global Step: 4250   Fp16 Grad Scale: 524288   Required: 6 hours
Training: 2025-03-28 20:27:27,194-Speed 1198.40 samples/sec   Loss 7.5649   LearningRate 0.019978   Epoch: 0   Global Step: 4260   Fp16 Grad Scale: 524288   Required: 6 hours
Training: 2025-03-28 20:27:28,296-Speed 1163.23 samples/sec   Loss 7.5108   LearningRate 0.019978   Epoch: 0   Global Step: 4270   Fp16 Grad Scale: 524288   Required: 6 hours
Training: 2025-03-28 20:27:29,392-Speed 1168.60 samples/sec   Loss 7.4586   LearningRate 0.019978   Epoch: 0   Global Step: 4280   Fp16 Grad Scale: 524288   Required: 6 hours
Training: 2025-03-28 20:27:30,488-Speed 1169.09 samples/sec   Loss 7.4276   LearningRate 0.019978   Epoch: 0   Global Step: 4290   Fp16 Grad Scale: 524288   Required: 6 hours
Training: 2025-03-28 20:27:31,582-Speed 1170.25 samples/sec   Loss 7.8205   LearningRate 0.019978   Epoch: 0   Global Step: 4300   Fp16 Grad Scale: 524288   Required: 6 hours
Training: 2025-03-28 20:27:32,665-Speed 1181.95 samples/sec   Loss 7.3864   LearningRate 0.019978   Epoch: 0   Global Step: 4310   Fp16 Grad Scale: 524288   Required: 6 hours
Training: 2025-03-28 20:27:33,793-Speed 1135.83 samples/sec   Loss 7.4218   LearningRate 0.019978   Epoch: 0   Global Step: 4320   Fp16 Grad Scale: 524288   Required: 6 hours
Training: 2025-03-28 20:27:34,894-Speed 1162.65 samples/sec   Loss 7.5229   LearningRate 0.019977   Epoch: 0   Global Step: 4330   Fp16 Grad Scale: 524288   Required: 6 hours
Training: 2025-03-28 20:27:35,990-Speed 1168.40 samples/sec   Loss 7.4210   LearningRate 0.019977   Epoch: 0   Global Step: 4340   Fp16 Grad Scale: 524288   Required: 6 hours
Training: 2025-03-28 20:27:37,245-Speed 1021.35 samples/sec   Loss 7.4369   LearningRate 0.019977   Epoch: 0   Global Step: 4350   Fp16 Grad Scale: 262144   Required: 6 hours
Training: 2025-03-28 20:27:38,334-Speed 1175.95 samples/sec   Loss 7.3174   LearningRate 0.019977   Epoch: 0   Global Step: 4360   Fp16 Grad Scale: 262144   Required: 6 hours
Training: 2025-03-28 20:27:39,395-Speed 1206.99 samples/sec   Loss 7.5624   LearningRate 0.019977   Epoch: 0   Global Step: 4370   Fp16 Grad Scale: 262144   Required: 6 hours
Training: 2025-03-28 20:27:40,508-Speed 1151.81 samples/sec   Loss 7.4160   LearningRate 0.019977   Epoch: 0   Global Step: 4380   Fp16 Grad Scale: 262144   Required: 6 hours
Training: 2025-03-28 20:27:41,622-Speed 1149.99 samples/sec   Loss 7.3923   LearningRate 0.019977   Epoch: 0   Global Step: 4390   Fp16 Grad Scale: 262144   Required: 6 hours
Training: 2025-03-28 20:27:42,750-Speed 1134.12 samples/sec   Loss 7.5675   LearningRate 0.019977   Epoch: 0   Global Step: 4400   Fp16 Grad Scale: 262144   Required: 6 hours
Training: 2025-03-28 20:27:43,887-Speed 1126.36 samples/sec   Loss 7.3347   LearningRate 0.019977   Epoch: 0   Global Step: 4410   Fp16 Grad Scale: 262144   Required: 6 hours
Training: 2025-03-28 20:27:44,981-Speed 1172.40 samples/sec   Loss 7.5350   LearningRate 0.019976   Epoch: 0   Global Step: 4420   Fp16 Grad Scale: 262144   Required: 6 hours
Training: 2025-03-28 20:27:46,060-Speed 1185.82 samples/sec   Loss 7.4033   LearningRate 0.019976   Epoch: 0   Global Step: 4430   Fp16 Grad Scale: 262144   Required: 6 hours
Training: 2025-03-28 20:27:47,156-Speed 1168.86 samples/sec   Loss 7.3328   LearningRate 0.019976   Epoch: 0   Global Step: 4440   Fp16 Grad Scale: 262144   Required: 6 hours
Training: 2025-03-28 20:27:48,255-Speed 1165.70 samples/sec   Loss 7.3400   LearningRate 0.019976   Epoch: 0   Global Step: 4450   Fp16 Grad Scale: 524288   Required: 6 hours
Training: 2025-03-28 20:27:49,310-Speed 1214.41 samples/sec   Loss 7.0905   LearningRate 0.019976   Epoch: 0   Global Step: 4460   Fp16 Grad Scale: 262144   Required: 6 hours
Training: 2025-03-28 20:27:50,414-Speed 1159.57 samples/sec   Loss 7.3049   LearningRate 0.019976   Epoch: 0   Global Step: 4470   Fp16 Grad Scale: 262144   Required: 6 hours
Training: 2025-03-28 20:27:51,496-Speed 1183.02 samples/sec   Loss 7.3175   LearningRate 0.019976   Epoch: 0   Global Step: 4480   Fp16 Grad Scale: 262144   Required: 6 hours
Training: 2025-03-28 20:27:52,588-Speed 1174.41 samples/sec   Loss 7.2775   LearningRate 0.019976   Epoch: 0   Global Step: 4490   Fp16 Grad Scale: 262144   Required: 6 hours
Training: 2025-03-28 20:27:53,682-Speed 1171.57 samples/sec   Loss 7.2952   LearningRate 0.019976   Epoch: 0   Global Step: 4500   Fp16 Grad Scale: 262144   Required: 6 hours
Training: 2025-03-28 20:27:54,782-Speed 1163.27 samples/sec   Loss 7.1309   LearningRate 0.019975   Epoch: 0   Global Step: 4510   Fp16 Grad Scale: 262144   Required: 6 hours
Training: 2025-03-28 20:27:55,836-Speed 1214.87 samples/sec   Loss 7.1046   LearningRate 0.019975   Epoch: 0   Global Step: 4520   Fp16 Grad Scale: 262144   Required: 6 hours
Training: 2025-03-28 20:27:56,929-Speed 1172.42 samples/sec   Loss 7.1596   LearningRate 0.019975   Epoch: 0   Global Step: 4530   Fp16 Grad Scale: 262144   Required: 6 hours
Training: 2025-03-28 20:27:58,021-Speed 1172.86 samples/sec   Loss 7.5702   LearningRate 0.019975   Epoch: 0   Global Step: 4540   Fp16 Grad Scale: 262144   Required: 6 hours
Training: 2025-03-28 20:27:59,205-Speed 1082.53 samples/sec   Loss 6.9591   LearningRate 0.019975   Epoch: 0   Global Step: 4550   Fp16 Grad Scale: 262144   Required: 6 hours
Training: 2025-03-28 20:28:00,317-Speed 1152.49 samples/sec   Loss 7.1242   LearningRate 0.019975   Epoch: 0   Global Step: 4560   Fp16 Grad Scale: 524288   Required: 6 hours
Training: 2025-03-28 20:28:01,420-Speed 1160.25 samples/sec   Loss 7.0974   LearningRate 0.019975   Epoch: 0   Global Step: 4570   Fp16 Grad Scale: 524288   Required: 6 hours
